TN:
SF:/usr/include/c++/11/bits/stl_algobase.h
FN:400,_ZNSt11__copy_moveILb1ELb0ESt26random_access_iterator_tagE8__copy_mIPSt10shared_ptrIN7hare_mq8consumerEES7_EET0_T_S9_S8_
FNDA:0,_ZNSt11__copy_moveILb1ELb0ESt26random_access_iterator_tagE8__copy_mIPSt10shared_ptrIN7hare_mq8consumerEES7_EET0_T_S9_S8_
DA:254,1
DA:259,1
DA:260,1
DA:328,0
DA:329,0
DA:400,0
DA:403,0
DA:405,0
DA:406,0
DA:407,0
DA:409,0
DA:486,0
DA:495,0
DA:521,0
DA:522,0
DA:527,0
DA:529,0
DA:644,0
DA:652,0
end_of_record
SF:/home/eric/2025MQ/MQproject/2025MQWorkSpace/src/server/consumer.cpp
FN:8,_ZN7hare_mq8consumerC2ERKNSt7__cxx1112basic_stringIcSt11char_traitsIcESaIcEEES8_bRKSt8functionIFvS8_PKNS_15BasicPropertiesES8_EE
FNDA:1,_ZN7hare_mq8consumerC2ERKNSt7__cxx1112basic_stringIcSt11char_traitsIcESaIcEEES8_bRKSt8functionIFvS8_PKNS_15BasicPropertiesES8_EE
FN:16,_ZN7hare_mq14queue_consumerC2ERKNSt7__cxx1112basic_stringIcSt11char_traitsIcESaIcEEE
FNDA:7,_ZN7hare_mq14queue_consumerC2ERKNSt7__cxx1112basic_stringIcSt11char_traitsIcESaIcEEE
FN:19,_ZN7hare_mq14queue_consumer6createERKNSt7__cxx1112basic_stringIcSt11char_traitsIcESaIcEEES8_bRKSt8functionIFvS8_PKNS_15BasicPropertiesES8_EE
FNDA:1,_ZN7hare_mq14queue_consumer6createERKNSt7__cxx1112basic_stringIcSt11char_traitsIcESaIcEEES8_bRKSt8functionIFvS8_PKNS_15BasicPropertiesES8_EE
FN:36,_ZN7hare_mq14queue_consumer6removeERKNSt7__cxx1112basic_stringIcSt11char_traitsIcESaIcEEE
FNDA:0,_ZN7hare_mq14queue_consumer6removeERKNSt7__cxx1112basic_stringIcSt11char_traitsIcESaIcEEE
FN:48,_ZN7hare_mq14queue_consumer9rr_chooseEv
FNDA:0,_ZN7hare_mq14queue_consumer9rr_chooseEv
FN:57,_ZN7hare_mq14queue_consumer5emptyEv
FNDA:0,_ZN7hare_mq14queue_consumer5emptyEv
FN:63,_ZN7hare_mq14queue_consumer6existsERKNSt7__cxx1112basic_stringIcSt11char_traitsIcESaIcEEE
FNDA:0,_ZN7hare_mq14queue_consumer6existsERKNSt7__cxx1112basic_stringIcSt11char_traitsIcESaIcEEE
FN:72,_ZN7hare_mq14queue_consumer5clearEv
FNDA:0,_ZN7hare_mq14queue_consumer5clearEv
FN:80,_ZN7hare_mq16consumer_manager19init_queue_consumerERKNSt7__cxx1112basic_stringIcSt11char_traitsIcESaIcEEE
FNDA:7,_ZN7hare_mq16consumer_manager19init_queue_consumerERKNSt7__cxx1112basic_stringIcSt11char_traitsIcESaIcEEE
FN:88,_ZN7hare_mq16consumer_manager22destroy_queue_consumerERKNSt7__cxx1112basic_stringIcSt11char_traitsIcESaIcEEE
FNDA:0,_ZN7hare_mq16consumer_manager22destroy_queue_consumerERKNSt7__cxx1112basic_stringIcSt11char_traitsIcESaIcEEE
FN:94,_ZN7hare_mq16consumer_manager6createERKNSt7__cxx1112basic_stringIcSt11char_traitsIcESaIcEEES8_bRKSt8functionIFvS8_PKNS_15BasicPropertiesES8_EE
FNDA:1,_ZN7hare_mq16consumer_manager6createERKNSt7__cxx1112basic_stringIcSt11char_traitsIcESaIcEEES8_bRKSt8functionIFvS8_PKNS_15BasicPropertiesES8_EE
FN:112,_ZN7hare_mq16consumer_manager6removeERKNSt7__cxx1112basic_stringIcSt11char_traitsIcESaIcEEES8_
FNDA:0,_ZN7hare_mq16consumer_manager6removeERKNSt7__cxx1112basic_stringIcSt11char_traitsIcESaIcEEES8_
FN:127,_ZN7hare_mq16consumer_manager6chooseERKNSt7__cxx1112basic_stringIcSt11char_traitsIcESaIcEEE
FNDA:0,_ZN7hare_mq16consumer_manager6chooseERKNSt7__cxx1112basic_stringIcSt11char_traitsIcESaIcEEE
DA:8,1
DA:9,1
DA:10,1
DA:11,1
DA:12,1
DA:13,1
DA:16,7
DA:17,7
DA:19,1
DA:24,1
DA:25,1
DA:26,0
DA:27,0
DA:28,0
DA:31,1
DA:32,1
DA:33,1
DA:34,1
DA:36,0
DA:38,0
DA:39,0
DA:40,0
DA:41,0
DA:42,0
DA:45,0
DA:46,0
DA:48,0
DA:50,0
DA:51,0
DA:52,0
DA:53,0
DA:54,0
DA:55,0
DA:57,0
DA:59,0
DA:60,0
DA:61,0
DA:63,0
DA:65,0
DA:66,0
DA:67,0
DA:70,0
DA:72,0
DA:74,0
DA:75,0
DA:76,0
DA:77,0
DA:80,7
DA:82,7
DA:83,7
DA:84,7
DA:86,7
DA:88,0
DA:90,0
DA:91,0
DA:92,0
DA:94,1
DA:99,1
DA:100,1
DA:101,1
DA:102,1
DA:103,1
DA:104,0
DA:105,0
DA:107,1
DA:108,0
DA:109,1
DA:110,1
DA:112,0
DA:114,0
DA:115,0
DA:116,0
DA:117,0
DA:118,0
DA:119,0
DA:120,0
DA:122,0
DA:123,0
DA:124,0
DA:125,0
DA:127,0
DA:129,0
DA:130,0
DA:131,0
DA:132,0
DA:133,0
DA:135,0
DA:136,0
end_of_record
SF:/usr/include/c++/11/bits/shared_ptr_base.h
FN:140,_ZNSt16_Sp_counted_baseILN9__gnu_cxx12_Lock_policyE2EE10_M_destroyEv
FNDA:0,_ZNSt16_Sp_counted_baseILN9__gnu_cxx12_Lock_policyE2EE10_M_destroyEv
FN:147,_ZNSt16_Sp_counted_baseILN9__gnu_cxx12_Lock_policyE2EE15_M_add_ref_copyEv
FNDA:2,_ZNSt16_Sp_counted_baseILN9__gnu_cxx12_Lock_policyE2EE15_M_add_ref_copyEv
FN:161,_ZNSt16_Sp_counted_baseILN9__gnu_cxx12_Lock_policyE2EE10_M_releaseEv
FNDA:2,_ZNSt16_Sp_counted_baseILN9__gnu_cxx12_Lock_policyE2EE10_M_releaseEv
FN:375,_ZNSt15_Sp_counted_ptrIDnLN9__gnu_cxx12_Lock_policyE2EE10_M_disposeEv
FNDA:0,_ZNSt15_Sp_counted_ptrIDnLN9__gnu_cxx12_Lock_policyE2EE10_M_disposeEv
FN:523,_ZNSt23_Sp_counted_ptr_inplaceIN7hare_mq14queue_consumerESaIS1_ELN9__gnu_cxx12_Lock_policyE2EED2Ev
FNDA:0,_ZNSt23_Sp_counted_ptr_inplaceIN7hare_mq14queue_consumerESaIS1_ELN9__gnu_cxx12_Lock_policyE2EED2Ev
FN:523,_ZNSt23_Sp_counted_ptr_inplaceIN7hare_mq14queue_consumerESaIS1_ELN9__gnu_cxx12_Lock_policyE2EED0Ev
FNDA:0,_ZNSt23_Sp_counted_ptr_inplaceIN7hare_mq14queue_consumerESaIS1_ELN9__gnu_cxx12_Lock_policyE2EED0Ev
FN:523,_ZNSt23_Sp_counted_ptr_inplaceIN7hare_mq8consumerESaIS1_ELN9__gnu_cxx12_Lock_policyE2EED2Ev
FNDA:0,_ZNSt23_Sp_counted_ptr_inplaceIN7hare_mq8consumerESaIS1_ELN9__gnu_cxx12_Lock_policyE2EED2Ev
FN:523,_ZNSt23_Sp_counted_ptr_inplaceIN7hare_mq8consumerESaIS1_ELN9__gnu_cxx12_Lock_policyE2EED0Ev
FNDA:0,_ZNSt23_Sp_counted_ptr_inplaceIN7hare_mq8consumerESaIS1_ELN9__gnu_cxx12_Lock_policyE2EED0Ev
FN:526,_ZNSt23_Sp_counted_ptr_inplaceIN7hare_mq14queue_consumerESaIS1_ELN9__gnu_cxx12_Lock_policyE2EE10_M_disposeEv
FNDA:7,_ZNSt23_Sp_counted_ptr_inplaceIN7hare_mq14queue_consumerESaIS1_ELN9__gnu_cxx12_Lock_policyE2EE10_M_disposeEv
FN:526,_ZNSt23_Sp_counted_ptr_inplaceIN7hare_mq8consumerESaIS1_ELN9__gnu_cxx12_Lock_policyE2EE10_M_disposeEv
FNDA:1,_ZNSt23_Sp_counted_ptr_inplaceIN7hare_mq8consumerESaIS1_ELN9__gnu_cxx12_Lock_policyE2EE10_M_disposeEv
FN:533,_ZNSt23_Sp_counted_ptr_inplaceIN7hare_mq14queue_consumerESaIS1_ELN9__gnu_cxx12_Lock_policyE2EE10_M_destroyEv
FNDA:7,_ZNSt23_Sp_counted_ptr_inplaceIN7hare_mq14queue_consumerESaIS1_ELN9__gnu_cxx12_Lock_policyE2EE10_M_destroyEv
FN:533,_ZNSt23_Sp_counted_ptr_inplaceIN7hare_mq8consumerESaIS1_ELN9__gnu_cxx12_Lock_policyE2EE10_M_destroyEv
FNDA:1,_ZNSt23_Sp_counted_ptr_inplaceIN7hare_mq8consumerESaIS1_ELN9__gnu_cxx12_Lock_policyE2EE10_M_destroyEv
FN:546,_ZNSt23_Sp_counted_ptr_inplaceIN7hare_mq14queue_consumerESaIS1_ELN9__gnu_cxx12_Lock_policyE2EE14_M_get_deleterERKSt9type_info
FNDA:0,_ZNSt23_Sp_counted_ptr_inplaceIN7hare_mq14queue_consumerESaIS1_ELN9__gnu_cxx12_Lock_policyE2EE14_M_get_deleterERKSt9type_info
FN:546,_ZNSt23_Sp_counted_ptr_inplaceIN7hare_mq8consumerESaIS1_ELN9__gnu_cxx12_Lock_policyE2EE14_M_get_deleterERKSt9type_info
FNDA:0,_ZNSt23_Sp_counted_ptr_inplaceIN7hare_mq8consumerESaIS1_ELN9__gnu_cxx12_Lock_policyE2EE14_M_get_deleterERKSt9type_info
FN:643,_ZNSt14__shared_countILN9__gnu_cxx12_Lock_policyE2EEC2IN7hare_mq14queue_consumerESaIS5_EJRKNSt7__cxx1112basic_stringIcSt11char_traitsIcESaIcEEEEEERPT_St20_Sp_alloc_shared_tagIT0_EDpOT1_
FNDA:7,_ZNSt14__shared_countILN9__gnu_cxx12_Lock_policyE2EEC2IN7hare_mq14queue_consumerESaIS5_EJRKNSt7__cxx1112basic_stringIcSt11char_traitsIcESaIcEEEEEERPT_St20_Sp_alloc_shared_tagIT0_EDpOT1_
FN:643,_ZNSt14__shared_countILN9__gnu_cxx12_Lock_policyE2EEC2IN7hare_mq8consumerESaIS5_EJRKNSt7__cxx1112basic_stringIcSt11char_traitsIcESaIcEEESE_RbRKSt8functionIFvSE_PKNS4_15BasicPropertiesESE_EEEEERPT_St20_Sp_alloc_shared_tagIT0_EDpOT1_
FNDA:1,_ZNSt14__shared_countILN9__gnu_cxx12_Lock_policyE2EEC2IN7hare_mq8consumerESaIS5_EJRKNSt7__cxx1112basic_stringIcSt11char_traitsIcESaIcEEESE_RbRKSt8functionIFvSE_PKNS4_15BasicPropertiesESE_EEEEERPT_St20_Sp_alloc_shared_tagIT0_EDpOT1_
FN:716,_ZNSt14__shared_countILN9__gnu_cxx12_Lock_policyE2EEaSERKS2_
FNDA:1,_ZNSt14__shared_countILN9__gnu_cxx12_Lock_policyE2EEaSERKS2_
FN:1248,_ZNSt12__shared_ptrIN7hare_mq8consumerELN9__gnu_cxx12_Lock_policyE2EEaSEOS4_
FNDA:0,_ZNSt12__shared_ptrIN7hare_mq8consumerELN9__gnu_cxx12_Lock_policyE2EEaSEOS4_
FN:1248,_ZNSt12__shared_ptrIN7hare_mq14queue_consumerELN9__gnu_cxx12_Lock_policyE2EEaSEOS4_
FNDA:7,_ZNSt12__shared_ptrIN7hare_mq14queue_consumerELN9__gnu_cxx12_Lock_policyE2EEaSEOS4_
DA:126,8
DA:127,8
DA:130,0
DA:140,0
DA:141,0
DA:147,2
DA:148,2
DA:161,2
DA:165,4
DA:168,1
DA:180,2
DA:184,1
DA:187,2
DA:375,0
DA:383,8
DA:385,8
DA:479,0
DA:481,0
DA:482,0
DA:497,8
DA:502,8
DA:514,8
DA:515,8
DA:519,8
DA:521,8
DA:523,0
DA:523,0
DA:523,0
DA:523,0
DA:523,8
DA:526,1
DA:528,1
DA:529,1
DA:526,7
DA:528,7
DA:529,7
DA:533,1
DA:535,1
DA:536,1
DA:537,1
DA:538,1
DA:533,7
DA:535,7
DA:536,7
DA:537,7
DA:538,7
DA:546,0
DA:548,0
DA:554,0
DA:556,0
DA:561,0
DA:546,0
DA:548,0
DA:554,0
DA:556,0
DA:561,0
DA:565,16
DA:587,15
DA:643,7
DA:647,7
DA:648,7
DA:649,7
DA:650,14
DA:651,7
DA:652,7
DA:653,7
DA:654,7
DA:655,7
DA:643,1
DA:647,1
DA:648,1
DA:649,1
DA:650,2
DA:651,1
DA:652,1
DA:653,1
DA:654,1
DA:655,1
DA:702,17
DA:704,16
DA:705,2
DA:708,1
DA:709,1
DA:711,1
DA:712,1
DA:716,1
DA:718,1
DA:719,1
DA:721,1
DA:722,1
DA:723,1
DA:724,0
DA:725,1
DA:727,1
DA:731,8
DA:733,8
DA:734,7
DA:735,1
DA:984,1
DA:987,1
DA:992,1
DA:993,1
DA:1092,7
DA:1093,7
DA:1152,2
DA:1153,1
DA:1154,12
DA:1161,8
DA:1162,8
DA:1164,1
DA:1165,0
DA:1248,0
DA:1250,0
DA:1251,0
DA:1248,7
DA:1250,14
DA:1251,7
DA:1295,1
DA:1296,1
DA:1314,7
DA:1316,7
DA:1317,7
DA:1341,8
DA:1342,8
DA:1343,8
DA:1386,8
end_of_record
SF:/usr/include/c++/11/iostream
end_of_record
SF:/usr/include/c++/11/ext/aligned_buffer.h
DA:102,9
DA:104,23
DA:110,1
DA:114,9
DA:115,39
end_of_record
SF:/usr/include/c++/11/utility
DA:188,1
DA:189,1
DA:233,1
DA:234,1
end_of_record
SF:/usr/include/c++/11/bits/basic_string.h
FN:237,_ZNSt7__cxx1112basic_stringIcSt11char_traitsIcESaIcEE10_M_disposeEv
FNDA:9,_ZNSt7__cxx1112basic_stringIcSt11char_traitsIcESaIcEE10_M_disposeEv
FN:354,_ZNSt7__cxx1112basic_stringIcSt11char_traitsIcESaIcEE7_S_copyEPcPKcm
FNDA:0,_ZNSt7__cxx1112basic_stringIcSt11char_traitsIcESaIcEE7_S_copyEPcPKcm
FN:456,_ZNSt7__cxx1112basic_stringIcSt11char_traitsIcESaIcEEC2ERKS4_
FNDA:0,_ZNSt7__cxx1112basic_stringIcSt11char_traitsIcESaIcEEC2ERKS4_
FN:6234,_ZSteqIcEN9__gnu_cxx11__enable_ifIXsrSt9__is_charIT_E7__valueEbE6__typeERKNSt7__cxx1112basic_stringIS3_St11char_traitsIS3_ESaIS3_EEESE_
FNDA:1,_ZSteqIcEN9__gnu_cxx11__enable_ifIXsrSt9__is_charIT_E7__valueEbE6__typeERKNSt7__cxx1112basic_stringIS3_St11char_traitsIS3_ESaIS3_EEESE_
DA:158,7
DA:167,0
DA:168,0
DA:186,0
DA:187,0
DA:190,0
DA:191,0
DA:194,25
DA:195,0
DA:198,0
DA:201,0
DA:208,9
DA:211,9
DA:218,0
DA:219,0
DA:222,0
DA:224,0
DA:225,0
DA:229,9
DA:230,9
DA:237,9
DA:239,9
DA:240,9
DA:241,9
DA:244,0
DA:245,0
DA:251,0
DA:255,0
DA:271,0
DA:274,0
DA:294,0
DA:295,0
DA:298,0
DA:299,0
DA:354,0
DA:356,0
DA:357,0
DA:359,0
DA:360,0
DA:400,0
DA:401,0
DA:456,0
DA:457,0
DA:458,0
DA:459,0
DA:671,7
DA:672,7
DA:920,1
DA:921,1
DA:926,15
DA:927,0
DA:2320,0
DA:2321,0
DA:2332,16
DA:2333,16
DA:6234,1
DA:6236,1
DA:6237,1
DA:6238,1
DA:6875,15
DA:6876,15
end_of_record
SF:/usr/include/c++/11/bits/vector.tcc
FN:171,_ZNSt6vectorISt10shared_ptrIN7hare_mq8consumerEESaIS3_EE8_M_eraseEN9__gnu_cxx17__normal_iteratorIPS3_S5_EE
FNDA:0,_ZNSt6vectorISt10shared_ptrIN7hare_mq8consumerEESaIS3_EE8_M_eraseEN9__gnu_cxx17__normal_iteratorIPS3_S5_EE
FN:426,_ZNSt6vectorISt10shared_ptrIN7hare_mq8consumerEESaIS3_EE17_M_realloc_insertIJRKS3_EEEvN9__gnu_cxx17__normal_iteratorIPS3_S5_EEDpOT_
FNDA:1,_ZNSt6vectorISt10shared_ptrIN7hare_mq8consumerEESaIS3_EE17_M_realloc_insertIJRKS3_EEEvN9__gnu_cxx17__normal_iteratorIPS3_S5_EEDpOT_
DA:171,0
DA:174,0
DA:175,0
DA:176,0
DA:177,0
DA:179,0
DA:426,1
DA:436,1
DA:437,1
DA:438,1
DA:439,1
DA:440,1
DA:441,1
DA:449,2
DA:450,1
DA:456,1
DA:461,1
DA:462,1
DA:464,1
DA:466,2
DA:467,1
DA:500,2
DA:501,1
DA:502,1
DA:503,1
DA:504,1
DA:505,1
end_of_record
SF:/home/eric/2025MQ/MQproject/2025MQWorkSpace/src/tools/muduo/_install/include/muduo/base/LogStream.h
FN:39,_ZN5muduo6detail11FixedBufferILi4000EE6appendEPKcm
FNDA:0,_ZN5muduo6detail11FixedBufferILi4000EE6appendEPKcm
FN:120,_ZN5muduo9LogStreamlsEPKc
FNDA:0,_ZN5muduo9LogStreamlsEPKc
DA:39,0
DA:42,0
DA:44,0
DA:45,0
DA:47,0
DA:54,0
DA:68,0
DA:120,0
DA:122,0
DA:124,0
DA:128,0
DA:130,0
DA:138,0
DA:140,0
DA:141,0
end_of_record
SF:/usr/include/c++/11/bits/stl_construct.h
FN:160,_ZNSt12_Destroy_auxILb0EE9__destroyIPSt10shared_ptrIN7hare_mq8consumerEEEEvT_S7_
FNDA:7,_ZNSt12_Destroy_auxILb0EE9__destroyIPSt10shared_ptrIN7hare_mq8consumerEEEEvT_S7_
DA:80,7
DA:88,1
DA:94,16
DA:97,17
DA:146,1
DA:149,1
DA:160,7
DA:162,8
DA:163,2
DA:164,7
DA:182,7
DA:196,7
end_of_record
SF:/usr/include/c++/11/bits/alloc_traits.h
DA:463,23
DA:464,16
DA:495,9
DA:496,9
DA:511,16
DA:518,25
DA:531,8
DA:537,0
DA:562,0
DA:563,0
DA:845,7
DA:848,7
end_of_record
SF:/usr/include/c++/11/ext/alloc_traits.h
DA:97,0
DA:98,0
end_of_record
SF:/usr/include/c++/11/new
DA:174,8
DA:175,8
end_of_record
SF:/usr/include/c++/11/tuple
DA:192,7
DA:193,7
DA:233,7
DA:424,7
DA:434,7
DA:435,7
DA:454,7
DA:456,7
DA:727,7
DA:729,7
DA:756,7
DA:1377,7
DA:1378,7
DA:1393,7
DA:1394,7
DA:1804,7
DA:1809,7
DA:1816,7
DA:1819,7
DA:1820,7
end_of_record
SF:/usr/include/c++/11/bits/unique_lock.h
FN:131,_ZNSt11unique_lockISt5mutexE4lockEv
FNDA:9,_ZNSt11unique_lockISt5mutexE4lockEv
FN:189,_ZNSt11unique_lockISt5mutexE6unlockEv
FNDA:9,_ZNSt11unique_lockISt5mutexE6unlockEv
DA:66,9
DA:67,9
DA:69,9
DA:70,9
DA:101,9
DA:104,9
DA:131,9
DA:133,9
DA:134,0
DA:135,9
DA:136,0
DA:139,9
DA:140,9
DA:142,9
DA:189,9
DA:191,9
DA:192,0
DA:193,9
DA:195,9
DA:196,9
DA:198,9
end_of_record
SF:/home/eric/2025MQ/MQproject/2025MQWorkSpace/src/server/consumer.hpp
DA:34,7
end_of_record
SF:/usr/include/c++/11/bits/allocated_ptr.h
FN:71,_ZNSt15__allocated_ptrISaISt23_Sp_counted_ptr_inplaceIN7hare_mq14queue_consumerESaIS2_ELN9__gnu_cxx12_Lock_policyE2EEEED2Ev
FNDA:14,_ZNSt15__allocated_ptrISaISt23_Sp_counted_ptr_inplaceIN7hare_mq14queue_consumerESaIS2_ELN9__gnu_cxx12_Lock_policyE2EEEED2Ev
FN:71,_ZNSt15__allocated_ptrISaISt23_Sp_counted_ptr_inplaceIN7hare_mq8consumerESaIS2_ELN9__gnu_cxx12_Lock_policyE2EEEED2Ev
FNDA:2,_ZNSt15__allocated_ptrISaISt23_Sp_counted_ptr_inplaceIN7hare_mq8consumerESaIS2_ELN9__gnu_cxx12_Lock_policyE2EEEED2Ev
DA:53,8
DA:54,16
DA:71,14
DA:73,14
DA:74,7
DA:75,14
DA:71,2
DA:73,2
DA:74,1
DA:75,2
DA:79,8
DA:81,8
DA:86,8
DA:96,8
DA:98,8
end_of_record
SF:/usr/include/c++/11/bits/hashtable.h
FN:308,_ZNSt10_HashtableINSt7__cxx1112basic_stringIcSt11char_traitsIcESaIcEEESt4pairIKS5_St10shared_ptrIN7hare_mq14queue_consumerEEESaISC_ENSt8__detail10_Select1stESt8equal_toIS5_ESt4hashIS5_ENSE_18_Mod_range_hashingENSE_20_Default_ranged_hashENSE_20_Prime_rehash_policyENSE_17_Hashtable_traitsILb1ELb0ELb1EEEE12_Scoped_nodeD2Ev
FNDA:7,_ZNSt10_HashtableINSt7__cxx1112basic_stringIcSt11char_traitsIcESaIcEEESt4pairIKS5_St10shared_ptrIN7hare_mq14queue_consumerEEESaISC_ENSt8__detail10_Select1stESt8equal_toIS5_ESt4hashIS5_ENSE_18_Mod_range_hashingENSE_20_Default_ranged_hashENSE_20_Prime_rehash_policyENSE_17_Hashtable_traitsILb1ELb0ELb1EEEE12_Scoped_nodeD2Ev
FN:453,_ZNSt10_HashtableINSt7__cxx1112basic_stringIcSt11char_traitsIcESaIcEEESt4pairIKS5_St10shared_ptrIN7hare_mq14queue_consumerEEESaISC_ENSt8__detail10_Select1stESt8equal_toIS5_ESt4hashIS5_ENSE_18_Mod_range_hashingENSE_20_Default_ranged_hashENSE_20_Prime_rehash_policyENSE_17_Hashtable_traitsILb1ELb0ELb1EEEE21_M_deallocate_bucketsEv
FNDA:7,_ZNSt10_HashtableINSt7__cxx1112basic_stringIcSt11char_traitsIcESaIcEEESt4pairIKS5_St10shared_ptrIN7hare_mq14queue_consumerEEESaISC_ENSt8__detail10_Select1stESt8equal_toIS5_ESt4hashIS5_ENSE_18_Mod_range_hashingENSE_20_Default_ranged_hashENSE_20_Prime_rehash_policyENSE_17_Hashtable_traitsILb1ELb0ELb1EEEE21_M_deallocate_bucketsEv
FN:1588,_ZNSt10_HashtableINSt7__cxx1112basic_stringIcSt11char_traitsIcESaIcEEESt4pairIKS5_St10shared_ptrIN7hare_mq14queue_consumerEEESaISC_ENSt8__detail10_Select1stESt8equal_toIS5_ESt4hashIS5_ENSE_18_Mod_range_hashingENSE_20_Default_ranged_hashENSE_20_Prime_rehash_policyENSE_17_Hashtable_traitsILb1ELb0ELb1EEEE4findERS7_
FNDA:8,_ZNSt10_HashtableINSt7__cxx1112basic_stringIcSt11char_traitsIcESaIcEEESt4pairIKS5_St10shared_ptrIN7hare_mq14queue_consumerEEESaISC_ENSt8__detail10_Select1stESt8equal_toIS5_ESt4hashIS5_ENSE_18_Mod_range_hashingENSE_20_Default_ranged_hashENSE_20_Prime_rehash_policyENSE_17_Hashtable_traitsILb1ELb0ELb1EEEE4findERS7_
FN:1827,_ZNKSt10_HashtableINSt7__cxx1112basic_stringIcSt11char_traitsIcESaIcEEESt4pairIKS5_St10shared_ptrIN7hare_mq14queue_consumerEEESaISC_ENSt8__detail10_Select1stESt8equal_toIS5_ESt4hashIS5_ENSE_18_Mod_range_hashingENSE_20_Default_ranged_hashENSE_20_Prime_rehash_policyENSE_17_Hashtable_traitsILb1ELb0ELb1EEEE19_M_find_before_nodeEmRS7_m
FNDA:15,_ZNKSt10_HashtableINSt7__cxx1112basic_stringIcSt11char_traitsIcESaIcEEESt4pairIKS5_St10shared_ptrIN7hare_mq14queue_consumerEEESaISC_ENSt8__detail10_Select1stESt8equal_toIS5_ESt4hashIS5_ENSE_18_Mod_range_hashingENSE_20_Default_ranged_hashENSE_20_Prime_rehash_policyENSE_17_Hashtable_traitsILb1ELb0ELb1EEEE19_M_find_before_nodeEmRS7_m
FN:1886,_ZNSt10_HashtableINSt7__cxx1112basic_stringIcSt11char_traitsIcESaIcEEESt4pairIKS5_St10shared_ptrIN7hare_mq14queue_consumerEEESaISC_ENSt8__detail10_Select1stESt8equal_toIS5_ESt4hashIS5_ENSE_18_Mod_range_hashingENSE_20_Default_ranged_hashENSE_20_Prime_rehash_policyENSE_17_Hashtable_traitsILb1ELb0ELb1EEEE22_M_insert_bucket_beginEmPNSE_10_Hash_nodeISC_Lb1EEE
FNDA:7,_ZNSt10_HashtableINSt7__cxx1112basic_stringIcSt11char_traitsIcESaIcEEESt4pairIKS5_St10shared_ptrIN7hare_mq14queue_consumerEEESaISC_ENSt8__detail10_Select1stESt8equal_toIS5_ESt4hashIS5_ENSE_18_Mod_range_hashingENSE_20_Default_ranged_hashENSE_20_Prime_rehash_policyENSE_17_Hashtable_traitsILb1ELb0ELb1EEEE22_M_insert_bucket_beginEmPNSE_10_Hash_nodeISC_Lb1EEE
FN:1919,_ZNSt10_HashtableINSt7__cxx1112basic_stringIcSt11char_traitsIcESaIcEEESt4pairIKS5_St10shared_ptrIN7hare_mq14queue_consumerEEESaISC_ENSt8__detail10_Select1stESt8equal_toIS5_ESt4hashIS5_ENSE_18_Mod_range_hashingENSE_20_Default_ranged_hashENSE_20_Prime_rehash_policyENSE_17_Hashtable_traitsILb1ELb0ELb1EEEE22_M_remove_bucket_beginEmPNSE_10_Hash_nodeISC_Lb1EEEm
FNDA:0,_ZNSt10_HashtableINSt7__cxx1112basic_stringIcSt11char_traitsIcESaIcEEESt4pairIKS5_St10shared_ptrIN7hare_mq14queue_consumerEEESaISC_ENSt8__detail10_Select1stESt8equal_toIS5_ESt4hashIS5_ENSE_18_Mod_range_hashingENSE_20_Default_ranged_hashENSE_20_Prime_rehash_policyENSE_17_Hashtable_traitsILb1ELb0ELb1EEEE22_M_remove_bucket_beginEmPNSE_10_Hash_nodeISC_Lb1EEEm
FN:2008,_ZNSt10_HashtableINSt7__cxx1112basic_stringIcSt11char_traitsIcESaIcEEESt4pairIKS5_St10shared_ptrIN7hare_mq14queue_consumerEEESaISC_ENSt8__detail10_Select1stESt8equal_toIS5_ESt4hashIS5_ENSE_18_Mod_range_hashingENSE_20_Default_ranged_hashENSE_20_Prime_rehash_policyENSE_17_Hashtable_traitsILb1ELb0ELb1EEEE21_M_insert_unique_nodeEmmPNSE_10_Hash_nodeISC_Lb1EEEm
FNDA:7,_ZNSt10_HashtableINSt7__cxx1112basic_stringIcSt11char_traitsIcESaIcEEESt4pairIKS5_St10shared_ptrIN7hare_mq14queue_consumerEEESaISC_ENSt8__detail10_Select1stESt8equal_toIS5_ESt4hashIS5_ENSE_18_Mod_range_hashingENSE_20_Default_ranged_hashENSE_20_Prime_rehash_policyENSE_17_Hashtable_traitsILb1ELb0ELb1EEEE21_M_insert_unique_nodeEmmPNSE_10_Hash_nodeISC_Lb1EEEm
FN:2166,_ZNSt10_HashtableINSt7__cxx1112basic_stringIcSt11char_traitsIcESaIcEEESt4pairIKS5_St10shared_ptrIN7hare_mq14queue_consumerEEESaISC_ENSt8__detail10_Select1stESt8equal_toIS5_ESt4hashIS5_ENSE_18_Mod_range_hashingENSE_20_Default_ranged_hashENSE_20_Prime_rehash_policyENSE_17_Hashtable_traitsILb1ELb0ELb1EEEE8_M_eraseEmPNSE_15_Hash_node_baseEPNSE_10_Hash_nodeISC_Lb1EEE
FNDA:0,_ZNSt10_HashtableINSt7__cxx1112basic_stringIcSt11char_traitsIcESaIcEEESt4pairIKS5_St10shared_ptrIN7hare_mq14queue_consumerEEESaISC_ENSt8__detail10_Select1stESt8equal_toIS5_ESt4hashIS5_ENSE_18_Mod_range_hashingENSE_20_Default_ranged_hashENSE_20_Prime_rehash_policyENSE_17_Hashtable_traitsILb1ELb0ELb1EEEE8_M_eraseEmPNSE_15_Hash_node_baseEPNSE_10_Hash_nodeISC_Lb1EEE
FN:2194,_ZNSt10_HashtableINSt7__cxx1112basic_stringIcSt11char_traitsIcESaIcEEESt4pairIKS5_St10shared_ptrIN7hare_mq14queue_consumerEEESaISC_ENSt8__detail10_Select1stESt8equal_toIS5_ESt4hashIS5_ENSE_18_Mod_range_hashingENSE_20_Default_ranged_hashENSE_20_Prime_rehash_policyENSE_17_Hashtable_traitsILb1ELb0ELb1EEEE8_M_eraseESt17integral_constantIbLb1EERS7_
FNDA:0,_ZNSt10_HashtableINSt7__cxx1112basic_stringIcSt11char_traitsIcESaIcEEESt4pairIKS5_St10shared_ptrIN7hare_mq14queue_consumerEEESaISC_ENSt8__detail10_Select1stESt8equal_toIS5_ESt4hashIS5_ENSE_18_Mod_range_hashingENSE_20_Default_ranged_hashENSE_20_Prime_rehash_policyENSE_17_Hashtable_traitsILb1ELb0ELb1EEEE8_M_eraseESt17integral_constantIbLb1EERS7_
FN:2355,_ZNSt10_HashtableINSt7__cxx1112basic_stringIcSt11char_traitsIcESaIcEEESt4pairIKS5_St10shared_ptrIN7hare_mq14queue_consumerEEESaISC_ENSt8__detail10_Select1stESt8equal_toIS5_ESt4hashIS5_ENSE_18_Mod_range_hashingENSE_20_Default_ranged_hashENSE_20_Prime_rehash_policyENSE_17_Hashtable_traitsILb1ELb0ELb1EEEE9_M_rehashEmRKm
FNDA:7,_ZNSt10_HashtableINSt7__cxx1112basic_stringIcSt11char_traitsIcESaIcEEESt4pairIKS5_St10shared_ptrIN7hare_mq14queue_consumerEEESaISC_ENSt8__detail10_Select1stESt8equal_toIS5_ESt4hashIS5_ENSE_18_Mod_range_hashingENSE_20_Default_ranged_hashENSE_20_Prime_rehash_policyENSE_17_Hashtable_traitsILb1ELb0ELb1EEEE9_M_rehashEmRKm
FN:2378,_ZNSt10_HashtableINSt7__cxx1112basic_stringIcSt11char_traitsIcESaIcEEESt4pairIKS5_St10shared_ptrIN7hare_mq14queue_consumerEEESaISC_ENSt8__detail10_Select1stESt8equal_toIS5_ESt4hashIS5_ENSE_18_Mod_range_hashingENSE_20_Default_ranged_hashENSE_20_Prime_rehash_policyENSE_17_Hashtable_traitsILb1ELb0ELb1EEEE13_M_rehash_auxEmSt17integral_constantIbLb1EE
FNDA:7,_ZNSt10_HashtableINSt7__cxx1112basic_stringIcSt11char_traitsIcESaIcEEESt4pairIKS5_St10shared_ptrIN7hare_mq14queue_consumerEEESaISC_ENSt8__detail10_Select1stESt8equal_toIS5_ESt4hashIS5_ENSE_18_Mod_range_hashingENSE_20_Default_ranged_hashENSE_20_Prime_rehash_policyENSE_17_Hashtable_traitsILb1ELb0ELb1EEEE13_M_rehash_auxEmSt17integral_constantIbLb1EE
DA:302,7
DA:303,7
DA:304,7
DA:308,7
DA:421,7
DA:422,7
DA:432,7
DA:434,7
DA:436,0
DA:437,0
DA:440,7
DA:444,7
DA:446,7
DA:449,7
DA:453,7
DA:454,7
DA:462,7
DA:463,7
DA:629,8
DA:630,8
DA:790,0
DA:791,0
DA:794,22
DA:795,14
DA:807,15
DA:810,15
DA:811,7
DA:812,1
DA:937,0
DA:938,0
DA:1588,8
DA:1593,8
DA:1594,8
DA:1595,8
DA:1827,15
DA:1833,15
DA:1834,15
DA:1837,1
DA:1840,1
DA:1841,1
DA:1843,0
DA:1886,7
DA:1890,7
DA:1894,0
DA:1895,0
DA:1902,7
DA:1903,7
DA:1905,7
DA:1908,0
DA:1910,7
DA:1912,7
DA:1919,0
DA:1924,0
DA:1928,0
DA:1929,0
DA:1932,0
DA:1933,0
DA:1934,0
DA:1936,0
DA:2008,7
DA:2014,7
DA:2016,7
DA:2019,7
DA:2021,7
DA:2022,7
DA:2025,7
DA:2028,7
DA:2029,7
DA:2030,7
DA:2166,0
DA:2171,0
DA:2172,0
DA:2173,0
DA:2174,0
DA:2176,0
DA:2177,0
DA:2178,0
DA:2181,0
DA:2182,0
DA:2183,0
DA:2184,0
DA:2186,0
DA:2194,0
DA:2199,0
DA:2200,0
DA:2203,0
DA:2204,0
DA:2208,0
DA:2209,0
DA:2210,0
DA:2355,7
DA:2361,7
DA:2363,0
DA:2367,0
DA:2368,0
DA:2370,7
DA:2378,7
DA:2382,7
DA:2383,7
DA:2384,7
DA:2385,7
DA:2386,7
DA:2388,0
DA:2390,0
DA:2391,0
DA:2393,0
DA:2394,0
DA:2395,0
DA:2396,0
DA:2397,0
DA:2402,0
DA:2403,0
DA:2409,7
DA:2410,7
DA:2411,7
DA:2412,7
end_of_record
SF:/usr/include/x86_64-linux-gnu/bits/string_fortified.h
DA:26,0
DA:29,0
end_of_record
SF:/home/eric/2025MQ/MQproject/2025MQWorkSpace/src/tools/muduo/_install/include/muduo/base/Logging.h
FN:36,_ZN5muduo6Logger10SourceFileC2ILi24EEERAT__Kc
FNDA:0,_ZN5muduo6Logger10SourceFileC2ILi24EEERAT__Kc
DA:36,0
DA:37,0
DA:38,0
DA:40,0
DA:41,0
DA:43,0
DA:44,0
DA:46,0
DA:69,0
end_of_record
SF:/usr/include/c++/11/bits/allocator.h
DA:156,8
DA:159,8
DA:160,8
DA:169,23
DA:174,32
DA:179,23
DA:185,23
DA:190,9
DA:199,9
end_of_record
SF:/usr/include/c++/11/bits/stl_iterator_base_funcs.h
DA:98,0
DA:104,0
DA:138,0
DA:141,0
end_of_record
SF:/usr/include/c++/11/bits/stl_function.h
DA:369,1
DA:370,1
end_of_record
SF:/usr/include/c++/11/bits/stl_pair.h
end_of_record
SF:/usr/include/c++/11/ext/atomicity.h
DA:47,5
DA:52,5
DA:65,3
DA:66,3
DA:70,2
DA:71,2
DA:82,0
DA:84,0
DA:85,0
DA:86,0
DA:91,0
DA:92,0
DA:96,3
DA:98,3
DA:99,0
DA:101,3
DA:106,2
DA:108,2
DA:109,0
DA:111,2
end_of_record
SF:/usr/include/c++/11/bits/shared_ptr.h
FN:408,_ZNSt10shared_ptrIN7hare_mq14queue_consumerEEC2ISaIS1_EJRKNSt7__cxx1112basic_stringIcSt11char_traitsIcESaIcEEEEEESt20_Sp_alloc_shared_tagIT_EDpOT0_
FNDA:7,_ZNSt10shared_ptrIN7hare_mq14queue_consumerEEC2ISaIS1_EJRKNSt7__cxx1112basic_stringIcSt11char_traitsIcESaIcEEEEEESt20_Sp_alloc_shared_tagIT_EDpOT0_
FN:408,_ZNSt10shared_ptrIN7hare_mq8consumerEEC2ISaIS1_EJRKNSt7__cxx1112basic_stringIcSt11char_traitsIcESaIcEEESC_RbRKSt8functionIFvSC_PKNS0_15BasicPropertiesESC_EEEEESt20_Sp_alloc_shared_tagIT_EDpOT0_
FNDA:1,_ZNSt10shared_ptrIN7hare_mq8consumerEEC2ISaIS1_EJRKNSt7__cxx1112basic_stringIcSt11char_traitsIcESaIcEEESC_RbRKSt8functionIFvSC_PKNS0_15BasicPropertiesESC_EEEEESt20_Sp_alloc_shared_tagIT_EDpOT0_
DA:122,12
DA:148,7
DA:150,2
DA:304,1
DA:305,1
DA:359,1
DA:383,7
DA:385,7
DA:408,7
DA:409,7
DA:410,7
DA:408,1
DA:409,1
DA:410,1
DA:858,8
DA:863,8
DA:875,8
DA:878,8
DA:879,8
end_of_record
SF:/usr/include/string.h
DA:266,0
DA:268,0
end_of_record
SF:/usr/include/c++/11/bits/functional_hash.h
DA:196,15
DA:198,15
end_of_record
SF:/usr/include/c++/11/bits/std_mutex.h
FN:98,_ZNSt5mutex4lockEv
FNDA:9,_ZNSt5mutex4lockEv
DA:65,7
DA:91,7
DA:98,9
DA:100,9
DA:103,9
DA:104,0
DA:105,9
DA:115,9
DA:118,9
end_of_record
SF:/usr/include/c++/11/ext/new_allocator.h
FN:103,_ZN9__gnu_cxx13new_allocatorIPNSt8__detail15_Hash_node_baseEE8allocateEmPKv
FNDA:7,_ZN9__gnu_cxx13new_allocatorIPNSt8__detail15_Hash_node_baseEE8allocateEmPKv
FN:103,_ZN9__gnu_cxx13new_allocatorISt23_Sp_counted_ptr_inplaceIN7hare_mq14queue_consumerESaIS3_ELNS_12_Lock_policyE2EEE8allocateEmPKv
FNDA:7,_ZN9__gnu_cxx13new_allocatorISt23_Sp_counted_ptr_inplaceIN7hare_mq14queue_consumerESaIS3_ELNS_12_Lock_policyE2EEE8allocateEmPKv
FN:103,_ZN9__gnu_cxx13new_allocatorISt23_Sp_counted_ptr_inplaceIN7hare_mq8consumerESaIS3_ELNS_12_Lock_policyE2EEE8allocateEmPKv
FNDA:1,_ZN9__gnu_cxx13new_allocatorISt23_Sp_counted_ptr_inplaceIN7hare_mq8consumerESaIS3_ELNS_12_Lock_policyE2EEE8allocateEmPKv
FN:103,_ZN9__gnu_cxx13new_allocatorINSt8__detail10_Hash_nodeISt4pairIKNSt7__cxx1112basic_stringIcSt11char_traitsIcESaIcEEESt10shared_ptrIN7hare_mq14queue_consumerEEELb1EEEE8allocateEmPKv
FNDA:7,_ZN9__gnu_cxx13new_allocatorINSt8__detail10_Hash_nodeISt4pairIKNSt7__cxx1112basic_stringIcSt11char_traitsIcESaIcEEESt10shared_ptrIN7hare_mq14queue_consumerEEELb1EEEE8allocateEmPKv
FN:103,_ZN9__gnu_cxx13new_allocatorISt10shared_ptrIN7hare_mq8consumerEEE8allocateEmPKv
FNDA:1,_ZN9__gnu_cxx13new_allocatorISt10shared_ptrIN7hare_mq8consumerEEE8allocateEmPKv
FN:103,_ZN9__gnu_cxx13new_allocatorIcE8allocateEmPKv
FNDA:0,_ZN9__gnu_cxx13new_allocatorIcE8allocateEmPKv
FN:132,_ZN9__gnu_cxx13new_allocatorIPNSt8__detail15_Hash_node_baseEE10deallocateEPS3_m
FNDA:0,_ZN9__gnu_cxx13new_allocatorIPNSt8__detail15_Hash_node_baseEE10deallocateEPS3_m
FN:132,_ZN9__gnu_cxx13new_allocatorISt23_Sp_counted_ptr_inplaceIN7hare_mq14queue_consumerESaIS3_ELNS_12_Lock_policyE2EEE10deallocateEPS6_m
FNDA:7,_ZN9__gnu_cxx13new_allocatorISt23_Sp_counted_ptr_inplaceIN7hare_mq14queue_consumerESaIS3_ELNS_12_Lock_policyE2EEE10deallocateEPS6_m
FN:132,_ZN9__gnu_cxx13new_allocatorISt23_Sp_counted_ptr_inplaceIN7hare_mq8consumerESaIS3_ELNS_12_Lock_policyE2EEE10deallocateEPS6_m
FNDA:1,_ZN9__gnu_cxx13new_allocatorISt23_Sp_counted_ptr_inplaceIN7hare_mq8consumerESaIS3_ELNS_12_Lock_policyE2EEE10deallocateEPS6_m
FN:132,_ZN9__gnu_cxx13new_allocatorINSt8__detail10_Hash_nodeISt4pairIKNSt7__cxx1112basic_stringIcSt11char_traitsIcESaIcEEESt10shared_ptrIN7hare_mq14queue_consumerEEELb1EEEE10deallocateEPSG_m
FNDA:0,_ZN9__gnu_cxx13new_allocatorINSt8__detail10_Hash_nodeISt4pairIKNSt7__cxx1112basic_stringIcSt11char_traitsIcESaIcEEESt10shared_ptrIN7hare_mq14queue_consumerEEELb1EEEE10deallocateEPSG_m
FN:132,_ZN9__gnu_cxx13new_allocatorISt10shared_ptrIN7hare_mq8consumerEEE10deallocateEPS4_m
FNDA:1,_ZN9__gnu_cxx13new_allocatorISt10shared_ptrIN7hare_mq8consumerEEE10deallocateEPS4_m
FN:132,_ZN9__gnu_cxx13new_allocatorIcE10deallocateEPcm
FNDA:0,_ZN9__gnu_cxx13new_allocatorIcE10deallocateEPcm
DA:79,31
DA:82,8
DA:103,7
DA:111,7
DA:115,0
DA:116,0
DA:117,0
DA:127,7
DA:103,7
DA:111,7
DA:115,0
DA:116,0
DA:117,0
DA:127,7
DA:103,1
DA:111,1
DA:115,0
DA:116,0
DA:117,0
DA:127,1
DA:103,7
DA:111,7
DA:115,0
DA:116,0
DA:117,0
DA:127,7
DA:103,1
DA:111,1
DA:115,0
DA:116,0
DA:117,0
DA:127,1
DA:103,0
DA:111,0
DA:117,0
DA:127,0
DA:132,0
DA:145,0
DA:132,7
DA:145,7
DA:132,1
DA:145,1
DA:132,0
DA:145,0
DA:132,1
DA:145,1
DA:132,0
DA:145,0
end_of_record
SF:/usr/include/c++/11/bits/std_function.h
FN:241,_ZNSt14_Function_baseD2Ev
FNDA:1,_ZNSt14_Function_baseD2Ev
FN:386,_ZNSt8functionIFvRKNSt7__cxx1112basic_stringIcSt11char_traitsIcESaIcEEEPKN7hare_mq15BasicPropertiesES7_EEC2ERKSD_
FNDA:1,_ZNSt8functionIFvRKNSt7__cxx1112basic_stringIcSt11char_traitsIcESaIcEEEPKN7hare_mq15BasicPropertiesES7_EEC2ERKSD_
DA:239,1
DA:241,1
DA:243,1
DA:244,1
DA:245,1
DA:247,1
DA:386,1
DA:387,1
DA:389,1
DA:391,1
DA:392,1
DA:393,1
DA:395,1
DA:572,1
DA:573,1
end_of_record
SF:/usr/include/c++/11/bits/move.h
DA:49,25
DA:77,30
DA:104,1
DA:196,7
DA:204,7
DA:206,7
end_of_record
SF:/usr/include/c++/11/bits/stl_uninitialized.h
DA:986,0
DA:994,0
DA:995,0
DA:1031,2
DA:1032,0
end_of_record
SF:/usr/include/c++/11/bits/hashtable_policy.h
FN:696,_ZNSt8__detail9_Map_baseINSt7__cxx1112basic_stringIcSt11char_traitsIcESaIcEEESt4pairIKS6_St10shared_ptrIN7hare_mq14queue_consumerEEESaISD_ENS_10_Select1stESt8equal_toIS6_ESt4hashIS6_ENS_18_Mod_range_hashingENS_20_Default_ranged_hashENS_20_Prime_rehash_policyENS_17_Hashtable_traitsILb1ELb0ELb1EEELb1EEixERS8_
FNDA:7,_ZNSt8__detail9_Map_baseINSt7__cxx1112basic_stringIcSt11char_traitsIcESaIcEEESt4pairIKS6_St10shared_ptrIN7hare_mq14queue_consumerEEESaISD_ENS_10_Select1stESt8equal_toIS6_ESt4hashIS6_ENS_18_Mod_range_hashingENS_20_Default_ranged_hashENS_20_Prime_rehash_policyENS_17_Hashtable_traitsILb1ELb0ELb1EEELb1EEixERS8_
FN:1870,_ZNSt8__detail16_Hashtable_allocISaINS_10_Hash_nodeISt4pairIKNSt7__cxx1112basic_stringIcSt11char_traitsIcESaIcEEESt10shared_ptrIN7hare_mq14queue_consumerEEELb1EEEEE16_M_allocate_nodeIJRKSt21piecewise_construct_tSt5tupleIJRS9_EESM_IJEEEEEPSF_DpOT_
FNDA:7,_ZNSt8__detail16_Hashtable_allocISaINS_10_Hash_nodeISt4pairIKNSt7__cxx1112basic_stringIcSt11char_traitsIcESaIcEEESt10shared_ptrIN7hare_mq14queue_consumerEEELb1EEEEE16_M_allocate_nodeIJRKSt21piecewise_construct_tSt5tupleIJRS9_EESM_IJEEEEEPSF_DpOT_
FN:1892,_ZNSt8__detail16_Hashtable_allocISaINS_10_Hash_nodeISt4pairIKNSt7__cxx1112basic_stringIcSt11char_traitsIcESaIcEEESt10shared_ptrIN7hare_mq14queue_consumerEEELb1EEEEE18_M_deallocate_nodeEPSF_
FNDA:0,_ZNSt8__detail16_Hashtable_allocISaINS_10_Hash_nodeISt4pairIKNSt7__cxx1112basic_stringIcSt11char_traitsIcESaIcEEESt10shared_ptrIN7hare_mq14queue_consumerEEELb1EEEEE18_M_deallocate_nodeEPSF_
FN:1922,_ZNSt8__detail16_Hashtable_allocISaINS_10_Hash_nodeISt4pairIKNSt7__cxx1112basic_stringIcSt11char_traitsIcESaIcEEESt10shared_ptrIN7hare_mq14queue_consumerEEELb1EEEEE19_M_allocate_bucketsEm
FNDA:7,_ZNSt8__detail16_Hashtable_allocISaINS_10_Hash_nodeISt4pairIKNSt7__cxx1112basic_stringIcSt11char_traitsIcESaIcEEESt10shared_ptrIN7hare_mq14queue_consumerEEELb1EEEEE19_M_allocate_bucketsEm
DA:93,1
DA:95,1
DA:219,7
DA:237,0
DA:238,15
DA:242,1
DA:246,0
DA:277,7
DA:282,0
DA:283,0
DA:295,23
DA:296,0
DA:338,23
DA:339,8
DA:346,7
DA:347,1
DA:428,22
DA:430,22
DA:473,7
DA:474,7
DA:481,0
DA:482,0
DA:696,7
DA:701,7
DA:702,7
DA:703,7
DA:704,0
DA:705,0
DA:707,7
DA:710,7
DA:711,7
DA:714,7
DA:715,7
DA:716,7
DA:717,7
DA:1215,15
DA:1219,15
DA:1232,22
DA:1233,22
DA:1247,0
DA:1251,0
DA:1263,7
DA:1264,7
DA:1595,1
DA:1596,1
DA:1611,1
DA:1617,1
DA:1870,7
DA:1873,7
DA:1874,7
DA:1877,7
DA:1878,7
DA:1881,7
DA:1883,0
DA:1885,0
DA:1886,0
DA:1892,0
DA:1894,0
DA:1895,0
DA:1896,0
DA:1900,0
DA:1903,0
DA:1904,0
DA:1905,0
DA:1922,7
DA:1925,7
DA:1927,7
DA:1928,7
DA:1929,7
DA:1930,7
DA:1935,0
DA:1940,0
DA:1941,0
DA:1942,0
DA:1943,0
end_of_record
SF:/usr/include/c++/11/bits/stl_vector.h
FN:333,_ZNSt12_Vector_baseISt10shared_ptrIN7hare_mq8consumerEESaIS3_EED2Ev
FNDA:7,_ZNSt12_Vector_baseISt10shared_ptrIN7hare_mq8consumerEESaIS3_EED2Ev
FN:678,_ZNSt6vectorISt10shared_ptrIN7hare_mq8consumerEESaIS3_EED2Ev
FNDA:7,_ZNSt6vectorISt10shared_ptrIN7hare_mq8consumerEESaIS3_EED2Ev
FN:1187,_ZNSt6vectorISt10shared_ptrIN7hare_mq8consumerEESaIS3_EE9push_backERKS3_
FNDA:1,_ZNSt6vectorISt10shared_ptrIN7hare_mq8consumerEESaIS3_EE9push_backERKS3_
FN:1498,_ZNSt6vectorISt10shared_ptrIN7hare_mq8consumerEESaIS3_EE5clearEv
FNDA:0,_ZNSt6vectorISt10shared_ptrIN7hare_mq8consumerEESaIS3_EE5clearEv
FN:1756,_ZNKSt6vectorISt10shared_ptrIN7hare_mq8consumerEESaIS3_EE12_M_check_lenEmPKc
FNDA:1,_ZNKSt6vectorISt10shared_ptrIN7hare_mq8consumerEESaIS3_EE12_M_check_lenEmPKc
DA:97,7
DA:98,7
DA:128,7
DA:131,7
DA:133,7
DA:276,8
DA:277,1
DA:288,7
DA:333,7
DA:335,14
DA:336,7
DA:337,7
DA:343,1
DA:346,1
DA:350,8
DA:353,8
DA:354,1
DA:465,2
DA:487,7
DA:678,7
DA:680,14
DA:681,7
DA:683,7
DA:811,2
DA:812,2
DA:820,0
DA:821,0
DA:829,2
DA:830,2
DA:838,0
DA:839,0
DA:884,0
DA:885,0
DA:918,1
DA:919,0
DA:924,1
DA:1007,0
DA:1008,0
DA:1043,0
DA:1046,0
DA:1187,1
DA:1189,1
DA:1192,0
DA:1194,0
DA:1198,1
DA:1199,1
DA:1430,0
DA:1431,0
DA:1498,0
DA:1499,0
DA:1756,1
DA:1758,1
DA:1759,0
DA:1761,1
DA:1762,1
DA:1792,0
DA:1794,0
DA:1796,0
DA:1797,0
DA:1798,0
end_of_record
SF:/usr/include/x86_64-linux-gnu/c++/11/bits/gthr-default.h
DA:746,9
DA:748,9
DA:749,9
DA:776,9
DA:778,9
DA:779,9
end_of_record
SF:/usr/include/c++/11/bits/char_traits.h
DA:356,0
DA:357,0
DA:372,1
DA:374,1
DA:377,1
DA:389,1
DA:429,0
DA:431,0
DA:434,0
DA:437,0
end_of_record
SF:/home/eric/2025MQ/MQproject/2025MQWorkSpace/src/tools/muduo/_install/include/muduo/base/Types.h
DA:80,0
DA:82,0
end_of_record
SF:/usr/include/c++/11/bits/basic_string.tcc
FN:132,_ZNSt7__cxx1112basic_stringIcSt11char_traitsIcESaIcEE9_M_createERmm
FNDA:0,_ZNSt7__cxx1112basic_stringIcSt11char_traitsIcESaIcEE9_M_createERmm
FN:206,_ZNSt7__cxx1112basic_stringIcSt11char_traitsIcESaIcEE12_M_constructIPcEEvT_S7_St20forward_iterator_tag
FNDA:0,_ZNSt7__cxx1112basic_stringIcSt11char_traitsIcESaIcEE12_M_constructIPcEEvT_S7_St20forward_iterator_tag
DA:132,0
DA:137,0
DA:138,0
DA:143,0
DA:145,0
DA:147,0
DA:148,0
DA:153,0
DA:206,0
DA:211,0
DA:212,0
DA:215,0
DA:217,0
DA:219,0
DA:220,0
DA:225,0
DA:232,0
DA:233,0
end_of_record
SF:/usr/include/c++/11/bits/stl_iterator.h
DA:1027,2
DA:1028,1
DA:1033,0
DA:1037,0
DA:1052,0
DA:1054,0
DA:1055,0
DA:1090,0
DA:1091,0
DA:1105,0
DA:1136,0
DA:1142,0
DA:1268,1
DA:1271,1
end_of_record
SF:/usr/include/c++/11/bits/unordered_map.h
DA:347,8
DA:348,8
DA:762,0
DA:763,0
DA:868,8
DA:869,8
DA:979,7
DA:980,7
end_of_record
SF:/usr/include/c++/11/typeinfo
FN:120,_ZNKSt9type_infoeqERKS_
FNDA:0,_ZNKSt9type_infoeqERKS_
DA:120,0
DA:122,0
DA:123,0
DA:124,0
end_of_record
TN:
SF:/home/eric/2025MQ/MQproject/2025MQWorkSpace/src/common/queue.hpp
end_of_record
SF:/usr/include/c++/11/bits/shared_ptr_base.h
FN:140,_ZNSt16_Sp_counted_baseILN9__gnu_cxx12_Lock_policyE2EE10_M_destroyEv
FNDA:0,_ZNSt16_Sp_counted_baseILN9__gnu_cxx12_Lock_policyE2EE10_M_destroyEv
FN:147,_ZNSt16_Sp_counted_baseILN9__gnu_cxx12_Lock_policyE2EE15_M_add_ref_copyEv
FNDA:0,_ZNSt16_Sp_counted_baseILN9__gnu_cxx12_Lock_policyE2EE15_M_add_ref_copyEv
FN:161,_ZNSt16_Sp_counted_baseILN9__gnu_cxx12_Lock_policyE2EE10_M_releaseEv
FNDA:0,_ZNSt16_Sp_counted_baseILN9__gnu_cxx12_Lock_policyE2EE10_M_releaseEv
FN:347,_ZNSt15_Sp_counted_ptrIP9CallbackTIN7hare_mq11bindRequestEELN9__gnu_cxx12_Lock_policyE2EE10_M_disposeEv
FNDA:0,_ZNSt15_Sp_counted_ptrIP9CallbackTIN7hare_mq11bindRequestEELN9__gnu_cxx12_Lock_policyE2EE10_M_disposeEv
FN:347,_ZNSt15_Sp_counted_ptrIP9CallbackTIN7hare_mq18deleteQueueRequestEELN9__gnu_cxx12_Lock_policyE2EE10_M_disposeEv
FNDA:0,_ZNSt15_Sp_counted_ptrIP9CallbackTIN7hare_mq18deleteQueueRequestEELN9__gnu_cxx12_Lock_policyE2EE10_M_disposeEv
FN:347,_ZNSt15_Sp_counted_ptrIP9CallbackTIN7hare_mq13unbindRequestEELN9__gnu_cxx12_Lock_policyE2EE10_M_disposeEv
FNDA:0,_ZNSt15_Sp_counted_ptrIP9CallbackTIN7hare_mq13unbindRequestEELN9__gnu_cxx12_Lock_policyE2EE10_M_disposeEv
FN:347,_ZNSt15_Sp_counted_ptrIP9CallbackTIN7hare_mq19declareQueueRequestEELN9__gnu_cxx12_Lock_policyE2EE10_M_disposeEv
FNDA:0,_ZNSt15_Sp_counted_ptrIP9CallbackTIN7hare_mq19declareQueueRequestEELN9__gnu_cxx12_Lock_policyE2EE10_M_disposeEv
FN:347,_ZNSt15_Sp_counted_ptrIP9CallbackTIN7hare_mq19basicPublishRequestEELN9__gnu_cxx12_Lock_policyE2EE10_M_disposeEv
FNDA:0,_ZNSt15_Sp_counted_ptrIP9CallbackTIN7hare_mq19basicPublishRequestEELN9__gnu_cxx12_Lock_policyE2EE10_M_disposeEv
FN:347,_ZNSt15_Sp_counted_ptrIP9CallbackTIN7hare_mq18openChannelRequestEELN9__gnu_cxx12_Lock_policyE2EE10_M_disposeEv
FNDA:0,_ZNSt15_Sp_counted_ptrIP9CallbackTIN7hare_mq18openChannelRequestEELN9__gnu_cxx12_Lock_policyE2EE10_M_disposeEv
FN:347,_ZNSt15_Sp_counted_ptrIP9CallbackTIN7hare_mq15basicAckRequestEELN9__gnu_cxx12_Lock_policyE2EE10_M_disposeEv
FNDA:0,_ZNSt15_Sp_counted_ptrIP9CallbackTIN7hare_mq15basicAckRequestEELN9__gnu_cxx12_Lock_policyE2EE10_M_disposeEv
FN:347,_ZNSt15_Sp_counted_ptrIP9CallbackTIN7hare_mq19closeChannelRequestEELN9__gnu_cxx12_Lock_policyE2EE10_M_disposeEv
FNDA:0,_ZNSt15_Sp_counted_ptrIP9CallbackTIN7hare_mq19closeChannelRequestEELN9__gnu_cxx12_Lock_policyE2EE10_M_disposeEv
FN:347,_ZNSt15_Sp_counted_ptrIP9CallbackTIN7hare_mq19basicConsumeRequestEELN9__gnu_cxx12_Lock_policyE2EE10_M_disposeEv
FNDA:0,_ZNSt15_Sp_counted_ptrIP9CallbackTIN7hare_mq19basicConsumeRequestEELN9__gnu_cxx12_Lock_policyE2EE10_M_disposeEv
FN:347,_ZNSt15_Sp_counted_ptrIP9CallbackTIN7hare_mq22declareExchangeRequestEELN9__gnu_cxx12_Lock_policyE2EE10_M_disposeEv
FNDA:0,_ZNSt15_Sp_counted_ptrIP9CallbackTIN7hare_mq22declareExchangeRequestEELN9__gnu_cxx12_Lock_policyE2EE10_M_disposeEv
FN:347,_ZNSt15_Sp_counted_ptrIP9CallbackTIN7hare_mq18basicCancelRequestEELN9__gnu_cxx12_Lock_policyE2EE10_M_disposeEv
FNDA:0,_ZNSt15_Sp_counted_ptrIP9CallbackTIN7hare_mq18basicCancelRequestEELN9__gnu_cxx12_Lock_policyE2EE10_M_disposeEv
FN:347,_ZNSt15_Sp_counted_ptrIP9CallbackTIN7hare_mq21deleteExchangeRequestEELN9__gnu_cxx12_Lock_policyE2EE10_M_disposeEv
FNDA:0,_ZNSt15_Sp_counted_ptrIP9CallbackTIN7hare_mq21deleteExchangeRequestEELN9__gnu_cxx12_Lock_policyE2EE10_M_disposeEv
FN:347,_ZNSt15_Sp_counted_ptrIP9CallbackTIN7hare_mq17basicQueryRequestEELN9__gnu_cxx12_Lock_policyE2EE10_M_disposeEv
FNDA:0,_ZNSt15_Sp_counted_ptrIP9CallbackTIN7hare_mq17basicQueryRequestEELN9__gnu_cxx12_Lock_policyE2EE10_M_disposeEv
FN:351,_ZNSt15_Sp_counted_ptrIP9CallbackTIN7hare_mq19closeChannelRequestEELN9__gnu_cxx12_Lock_policyE2EE10_M_destroyEv
FNDA:0,_ZNSt15_Sp_counted_ptrIP9CallbackTIN7hare_mq19closeChannelRequestEELN9__gnu_cxx12_Lock_policyE2EE10_M_destroyEv
FN:351,_ZNSt15_Sp_counted_ptrIP9CallbackTIN7hare_mq22declareExchangeRequestEELN9__gnu_cxx12_Lock_policyE2EE10_M_destroyEv
FNDA:0,_ZNSt15_Sp_counted_ptrIP9CallbackTIN7hare_mq22declareExchangeRequestEELN9__gnu_cxx12_Lock_policyE2EE10_M_destroyEv
FN:351,_ZNSt15_Sp_counted_ptrIP9CallbackTIN7hare_mq18openChannelRequestEELN9__gnu_cxx12_Lock_policyE2EE10_M_destroyEv
FNDA:0,_ZNSt15_Sp_counted_ptrIP9CallbackTIN7hare_mq18openChannelRequestEELN9__gnu_cxx12_Lock_policyE2EE10_M_destroyEv
FN:351,_ZNSt15_Sp_counted_ptrIP9CallbackTIN7hare_mq21deleteExchangeRequestEELN9__gnu_cxx12_Lock_policyE2EE10_M_destroyEv
FNDA:0,_ZNSt15_Sp_counted_ptrIP9CallbackTIN7hare_mq21deleteExchangeRequestEELN9__gnu_cxx12_Lock_policyE2EE10_M_destroyEv
FN:351,_ZNSt15_Sp_counted_ptrIP9CallbackTIN7hare_mq18deleteQueueRequestEELN9__gnu_cxx12_Lock_policyE2EE10_M_destroyEv
FNDA:0,_ZNSt15_Sp_counted_ptrIP9CallbackTIN7hare_mq18deleteQueueRequestEELN9__gnu_cxx12_Lock_policyE2EE10_M_destroyEv
FN:351,_ZNSt15_Sp_counted_ptrIP9CallbackTIN7hare_mq11bindRequestEELN9__gnu_cxx12_Lock_policyE2EE10_M_destroyEv
FNDA:0,_ZNSt15_Sp_counted_ptrIP9CallbackTIN7hare_mq11bindRequestEELN9__gnu_cxx12_Lock_policyE2EE10_M_destroyEv
FN:351,_ZNSt15_Sp_counted_ptrIP9CallbackTIN7hare_mq19declareQueueRequestEELN9__gnu_cxx12_Lock_policyE2EE10_M_destroyEv
FNDA:0,_ZNSt15_Sp_counted_ptrIP9CallbackTIN7hare_mq19declareQueueRequestEELN9__gnu_cxx12_Lock_policyE2EE10_M_destroyEv
FN:351,_ZNSt15_Sp_counted_ptrIP9CallbackTIN7hare_mq13unbindRequestEELN9__gnu_cxx12_Lock_policyE2EE10_M_destroyEv
FNDA:0,_ZNSt15_Sp_counted_ptrIP9CallbackTIN7hare_mq13unbindRequestEELN9__gnu_cxx12_Lock_policyE2EE10_M_destroyEv
FN:351,_ZNSt15_Sp_counted_ptrIP9CallbackTIN7hare_mq17basicQueryRequestEELN9__gnu_cxx12_Lock_policyE2EE10_M_destroyEv
FNDA:0,_ZNSt15_Sp_counted_ptrIP9CallbackTIN7hare_mq17basicQueryRequestEELN9__gnu_cxx12_Lock_policyE2EE10_M_destroyEv
FN:351,_ZNSt15_Sp_counted_ptrIP9CallbackTIN7hare_mq19basicPublishRequestEELN9__gnu_cxx12_Lock_policyE2EE10_M_destroyEv
FNDA:0,_ZNSt15_Sp_counted_ptrIP9CallbackTIN7hare_mq19basicPublishRequestEELN9__gnu_cxx12_Lock_policyE2EE10_M_destroyEv
FN:351,_ZNSt15_Sp_counted_ptrIP9CallbackTIN7hare_mq18basicCancelRequestEELN9__gnu_cxx12_Lock_policyE2EE10_M_destroyEv
FNDA:0,_ZNSt15_Sp_counted_ptrIP9CallbackTIN7hare_mq18basicCancelRequestEELN9__gnu_cxx12_Lock_policyE2EE10_M_destroyEv
FN:351,_ZNSt15_Sp_counted_ptrIP9CallbackTIN7hare_mq15basicAckRequestEELN9__gnu_cxx12_Lock_policyE2EE10_M_destroyEv
FNDA:0,_ZNSt15_Sp_counted_ptrIP9CallbackTIN7hare_mq15basicAckRequestEELN9__gnu_cxx12_Lock_policyE2EE10_M_destroyEv
FN:351,_ZNSt15_Sp_counted_ptrIP9CallbackTIN7hare_mq19basicConsumeRequestEELN9__gnu_cxx12_Lock_policyE2EE10_M_destroyEv
FNDA:0,_ZNSt15_Sp_counted_ptrIP9CallbackTIN7hare_mq19basicConsumeRequestEELN9__gnu_cxx12_Lock_policyE2EE10_M_destroyEv
FN:355,_ZNSt15_Sp_counted_ptrIP9CallbackTIN7hare_mq11bindRequestEELN9__gnu_cxx12_Lock_policyE2EE14_M_get_deleterERKSt9type_info
FNDA:0,_ZNSt15_Sp_counted_ptrIP9CallbackTIN7hare_mq11bindRequestEELN9__gnu_cxx12_Lock_policyE2EE14_M_get_deleterERKSt9type_info
FN:355,_ZNSt15_Sp_counted_ptrIP9CallbackTIN7hare_mq19declareQueueRequestEELN9__gnu_cxx12_Lock_policyE2EE14_M_get_deleterERKSt9type_info
FNDA:0,_ZNSt15_Sp_counted_ptrIP9CallbackTIN7hare_mq19declareQueueRequestEELN9__gnu_cxx12_Lock_policyE2EE14_M_get_deleterERKSt9type_info
FN:355,_ZNSt15_Sp_counted_ptrIP9CallbackTIN7hare_mq17basicQueryRequestEELN9__gnu_cxx12_Lock_policyE2EE14_M_get_deleterERKSt9type_info
FNDA:0,_ZNSt15_Sp_counted_ptrIP9CallbackTIN7hare_mq17basicQueryRequestEELN9__gnu_cxx12_Lock_policyE2EE14_M_get_deleterERKSt9type_info
FN:355,_ZNSt15_Sp_counted_ptrIP9CallbackTIN7hare_mq21deleteExchangeRequestEELN9__gnu_cxx12_Lock_policyE2EE14_M_get_deleterERKSt9type_info
FNDA:0,_ZNSt15_Sp_counted_ptrIP9CallbackTIN7hare_mq21deleteExchangeRequestEELN9__gnu_cxx12_Lock_policyE2EE14_M_get_deleterERKSt9type_info
FN:355,_ZNSt15_Sp_counted_ptrIP9CallbackTIN7hare_mq18basicCancelRequestEELN9__gnu_cxx12_Lock_policyE2EE14_M_get_deleterERKSt9type_info
FNDA:0,_ZNSt15_Sp_counted_ptrIP9CallbackTIN7hare_mq18basicCancelRequestEELN9__gnu_cxx12_Lock_policyE2EE14_M_get_deleterERKSt9type_info
FN:355,_ZNSt15_Sp_counted_ptrIP9CallbackTIN7hare_mq22declareExchangeRequestEELN9__gnu_cxx12_Lock_policyE2EE14_M_get_deleterERKSt9type_info
FNDA:0,_ZNSt15_Sp_counted_ptrIP9CallbackTIN7hare_mq22declareExchangeRequestEELN9__gnu_cxx12_Lock_policyE2EE14_M_get_deleterERKSt9type_info
FN:355,_ZNSt15_Sp_counted_ptrIP9CallbackTIN7hare_mq19basicConsumeRequestEELN9__gnu_cxx12_Lock_policyE2EE14_M_get_deleterERKSt9type_info
FNDA:0,_ZNSt15_Sp_counted_ptrIP9CallbackTIN7hare_mq19basicConsumeRequestEELN9__gnu_cxx12_Lock_policyE2EE14_M_get_deleterERKSt9type_info
FN:355,_ZNSt15_Sp_counted_ptrIP9CallbackTIN7hare_mq19closeChannelRequestEELN9__gnu_cxx12_Lock_policyE2EE14_M_get_deleterERKSt9type_info
FNDA:0,_ZNSt15_Sp_counted_ptrIP9CallbackTIN7hare_mq19closeChannelRequestEELN9__gnu_cxx12_Lock_policyE2EE14_M_get_deleterERKSt9type_info
FN:355,_ZNSt15_Sp_counted_ptrIP9CallbackTIN7hare_mq15basicAckRequestEELN9__gnu_cxx12_Lock_policyE2EE14_M_get_deleterERKSt9type_info
FNDA:0,_ZNSt15_Sp_counted_ptrIP9CallbackTIN7hare_mq15basicAckRequestEELN9__gnu_cxx12_Lock_policyE2EE14_M_get_deleterERKSt9type_info
FN:355,_ZNSt15_Sp_counted_ptrIP9CallbackTIN7hare_mq18openChannelRequestEELN9__gnu_cxx12_Lock_policyE2EE14_M_get_deleterERKSt9type_info
FNDA:0,_ZNSt15_Sp_counted_ptrIP9CallbackTIN7hare_mq18openChannelRequestEELN9__gnu_cxx12_Lock_policyE2EE14_M_get_deleterERKSt9type_info
FN:355,_ZNSt15_Sp_counted_ptrIP9CallbackTIN7hare_mq18deleteQueueRequestEELN9__gnu_cxx12_Lock_policyE2EE14_M_get_deleterERKSt9type_info
FNDA:0,_ZNSt15_Sp_counted_ptrIP9CallbackTIN7hare_mq18deleteQueueRequestEELN9__gnu_cxx12_Lock_policyE2EE14_M_get_deleterERKSt9type_info
FN:355,_ZNSt15_Sp_counted_ptrIP9CallbackTIN7hare_mq19basicPublishRequestEELN9__gnu_cxx12_Lock_policyE2EE14_M_get_deleterERKSt9type_info
FNDA:0,_ZNSt15_Sp_counted_ptrIP9CallbackTIN7hare_mq19basicPublishRequestEELN9__gnu_cxx12_Lock_policyE2EE14_M_get_deleterERKSt9type_info
FN:355,_ZNSt15_Sp_counted_ptrIP9CallbackTIN7hare_mq13unbindRequestEELN9__gnu_cxx12_Lock_policyE2EE14_M_get_deleterERKSt9type_info
FNDA:0,_ZNSt15_Sp_counted_ptrIP9CallbackTIN7hare_mq13unbindRequestEELN9__gnu_cxx12_Lock_policyE2EE14_M_get_deleterERKSt9type_info
FN:375,_ZNSt15_Sp_counted_ptrIDnLN9__gnu_cxx12_Lock_policyE2EE10_M_disposeEv
FNDA:0,_ZNSt15_Sp_counted_ptrIDnLN9__gnu_cxx12_Lock_policyE2EE10_M_disposeEv
FN:523,_ZNSt23_Sp_counted_ptr_inplaceIN7hare_mq16consumer_managerESaIS1_ELN9__gnu_cxx12_Lock_policyE2EED2Ev
FNDA:0,_ZNSt23_Sp_counted_ptr_inplaceIN7hare_mq16consumer_managerESaIS1_ELN9__gnu_cxx12_Lock_policyE2EED2Ev
FN:523,_ZNSt23_Sp_counted_ptr_inplaceI13ProtobufCodecSaIS0_ELN9__gnu_cxx12_Lock_policyE2EED2Ev
FNDA:0,_ZNSt23_Sp_counted_ptr_inplaceI13ProtobufCodecSaIS0_ELN9__gnu_cxx12_Lock_policyE2EED2Ev
FN:523,_ZNSt23_Sp_counted_ptr_inplaceI13ProtobufCodecSaIS0_ELN9__gnu_cxx12_Lock_policyE2EED0Ev
FNDA:0,_ZNSt23_Sp_counted_ptr_inplaceI13ProtobufCodecSaIS0_ELN9__gnu_cxx12_Lock_policyE2EED0Ev
FN:523,_ZNSt23_Sp_counted_ptr_inplaceIN7hare_mq12virtual_hostESaIS1_ELN9__gnu_cxx12_Lock_policyE2EED0Ev
FNDA:0,_ZNSt23_Sp_counted_ptr_inplaceIN7hare_mq12virtual_hostESaIS1_ELN9__gnu_cxx12_Lock_policyE2EED0Ev
FN:523,_ZNSt23_Sp_counted_ptr_inplaceIN7hare_mq12virtual_hostESaIS1_ELN9__gnu_cxx12_Lock_policyE2EED2Ev
FNDA:0,_ZNSt23_Sp_counted_ptr_inplaceIN7hare_mq12virtual_hostESaIS1_ELN9__gnu_cxx12_Lock_policyE2EED2Ev
FN:523,_ZNSt23_Sp_counted_ptr_inplaceIN7hare_mq16consumer_managerESaIS1_ELN9__gnu_cxx12_Lock_policyE2EED0Ev
FNDA:0,_ZNSt23_Sp_counted_ptr_inplaceIN7hare_mq16consumer_managerESaIS1_ELN9__gnu_cxx12_Lock_policyE2EED0Ev
FN:523,_ZNSt23_Sp_counted_ptr_inplaceISt5mutexSaIS0_ELN9__gnu_cxx12_Lock_policyE2EED2Ev
FNDA:0,_ZNSt23_Sp_counted_ptr_inplaceISt5mutexSaIS0_ELN9__gnu_cxx12_Lock_policyE2EED2Ev
FN:523,_ZNSt23_Sp_counted_ptr_inplaceISt5mutexSaIS0_ELN9__gnu_cxx12_Lock_policyE2EED0Ev
FNDA:0,_ZNSt23_Sp_counted_ptr_inplaceISt5mutexSaIS0_ELN9__gnu_cxx12_Lock_policyE2EED0Ev
FN:523,_ZNSt23_Sp_counted_ptr_inplaceIN7hare_mq18connection_managerESaIS1_ELN9__gnu_cxx12_Lock_policyE2EED0Ev
FNDA:0,_ZNSt23_Sp_counted_ptr_inplaceIN7hare_mq18connection_managerESaIS1_ELN9__gnu_cxx12_Lock_policyE2EED0Ev
FN:523,_ZNSt23_Sp_counted_ptr_inplaceIN7hare_mq18connection_managerESaIS1_ELN9__gnu_cxx12_Lock_policyE2EED2Ev
FNDA:0,_ZNSt23_Sp_counted_ptr_inplaceIN7hare_mq18connection_managerESaIS1_ELN9__gnu_cxx12_Lock_policyE2EED2Ev
FN:523,_ZNSt23_Sp_counted_ptr_inplaceIN7hare_mq11thread_poolESaIS1_ELN9__gnu_cxx12_Lock_policyE2EED2Ev
FNDA:0,_ZNSt23_Sp_counted_ptr_inplaceIN7hare_mq11thread_poolESaIS1_ELN9__gnu_cxx12_Lock_policyE2EED2Ev
FN:523,_ZNSt23_Sp_counted_ptr_inplaceIN7hare_mq11thread_poolESaIS1_ELN9__gnu_cxx12_Lock_policyE2EED0Ev
FNDA:0,_ZNSt23_Sp_counted_ptr_inplaceIN7hare_mq11thread_poolESaIS1_ELN9__gnu_cxx12_Lock_policyE2EED0Ev
FN:526,_ZNSt23_Sp_counted_ptr_inplaceIN7hare_mq18connection_managerESaIS1_ELN9__gnu_cxx12_Lock_policyE2EE10_M_disposeEv
FNDA:0,_ZNSt23_Sp_counted_ptr_inplaceIN7hare_mq18connection_managerESaIS1_ELN9__gnu_cxx12_Lock_policyE2EE10_M_disposeEv
FN:526,_ZNSt23_Sp_counted_ptr_inplaceIN7hare_mq16consumer_managerESaIS1_ELN9__gnu_cxx12_Lock_policyE2EE10_M_disposeEv
FNDA:0,_ZNSt23_Sp_counted_ptr_inplaceIN7hare_mq16consumer_managerESaIS1_ELN9__gnu_cxx12_Lock_policyE2EE10_M_disposeEv
FN:526,_ZNSt23_Sp_counted_ptr_inplaceI13ProtobufCodecSaIS0_ELN9__gnu_cxx12_Lock_policyE2EE10_M_disposeEv
FNDA:0,_ZNSt23_Sp_counted_ptr_inplaceI13ProtobufCodecSaIS0_ELN9__gnu_cxx12_Lock_policyE2EE10_M_disposeEv
FN:526,_ZNSt23_Sp_counted_ptr_inplaceISt5mutexSaIS0_ELN9__gnu_cxx12_Lock_policyE2EE10_M_disposeEv
FNDA:0,_ZNSt23_Sp_counted_ptr_inplaceISt5mutexSaIS0_ELN9__gnu_cxx12_Lock_policyE2EE10_M_disposeEv
FN:526,_ZNSt23_Sp_counted_ptr_inplaceIN7hare_mq12virtual_hostESaIS1_ELN9__gnu_cxx12_Lock_policyE2EE10_M_disposeEv
FNDA:0,_ZNSt23_Sp_counted_ptr_inplaceIN7hare_mq12virtual_hostESaIS1_ELN9__gnu_cxx12_Lock_policyE2EE10_M_disposeEv
FN:526,_ZNSt23_Sp_counted_ptr_inplaceIN7hare_mq11thread_poolESaIS1_ELN9__gnu_cxx12_Lock_policyE2EE10_M_disposeEv
FNDA:0,_ZNSt23_Sp_counted_ptr_inplaceIN7hare_mq11thread_poolESaIS1_ELN9__gnu_cxx12_Lock_policyE2EE10_M_disposeEv
FN:533,_ZNSt23_Sp_counted_ptr_inplaceISt5mutexSaIS0_ELN9__gnu_cxx12_Lock_policyE2EE10_M_destroyEv
FNDA:0,_ZNSt23_Sp_counted_ptr_inplaceISt5mutexSaIS0_ELN9__gnu_cxx12_Lock_policyE2EE10_M_destroyEv
FN:533,_ZNSt23_Sp_counted_ptr_inplaceI13ProtobufCodecSaIS0_ELN9__gnu_cxx12_Lock_policyE2EE10_M_destroyEv
FNDA:0,_ZNSt23_Sp_counted_ptr_inplaceI13ProtobufCodecSaIS0_ELN9__gnu_cxx12_Lock_policyE2EE10_M_destroyEv
FN:533,_ZNSt23_Sp_counted_ptr_inplaceIN7hare_mq12virtual_hostESaIS1_ELN9__gnu_cxx12_Lock_policyE2EE10_M_destroyEv
FNDA:0,_ZNSt23_Sp_counted_ptr_inplaceIN7hare_mq12virtual_hostESaIS1_ELN9__gnu_cxx12_Lock_policyE2EE10_M_destroyEv
FN:533,_ZNSt23_Sp_counted_ptr_inplaceIN7hare_mq11thread_poolESaIS1_ELN9__gnu_cxx12_Lock_policyE2EE10_M_destroyEv
FNDA:0,_ZNSt23_Sp_counted_ptr_inplaceIN7hare_mq11thread_poolESaIS1_ELN9__gnu_cxx12_Lock_policyE2EE10_M_destroyEv
FN:533,_ZNSt23_Sp_counted_ptr_inplaceIN7hare_mq18connection_managerESaIS1_ELN9__gnu_cxx12_Lock_policyE2EE10_M_destroyEv
FNDA:0,_ZNSt23_Sp_counted_ptr_inplaceIN7hare_mq18connection_managerESaIS1_ELN9__gnu_cxx12_Lock_policyE2EE10_M_destroyEv
FN:533,_ZNSt23_Sp_counted_ptr_inplaceIN7hare_mq16consumer_managerESaIS1_ELN9__gnu_cxx12_Lock_policyE2EE10_M_destroyEv
FNDA:0,_ZNSt23_Sp_counted_ptr_inplaceIN7hare_mq16consumer_managerESaIS1_ELN9__gnu_cxx12_Lock_policyE2EE10_M_destroyEv
FN:546,_ZNSt23_Sp_counted_ptr_inplaceI13ProtobufCodecSaIS0_ELN9__gnu_cxx12_Lock_policyE2EE14_M_get_deleterERKSt9type_info
FNDA:0,_ZNSt23_Sp_counted_ptr_inplaceI13ProtobufCodecSaIS0_ELN9__gnu_cxx12_Lock_policyE2EE14_M_get_deleterERKSt9type_info
FN:546,_ZNSt23_Sp_counted_ptr_inplaceIN7hare_mq12virtual_hostESaIS1_ELN9__gnu_cxx12_Lock_policyE2EE14_M_get_deleterERKSt9type_info
FNDA:0,_ZNSt23_Sp_counted_ptr_inplaceIN7hare_mq12virtual_hostESaIS1_ELN9__gnu_cxx12_Lock_policyE2EE14_M_get_deleterERKSt9type_info
FN:546,_ZNSt23_Sp_counted_ptr_inplaceIN7hare_mq11thread_poolESaIS1_ELN9__gnu_cxx12_Lock_policyE2EE14_M_get_deleterERKSt9type_info
FNDA:0,_ZNSt23_Sp_counted_ptr_inplaceIN7hare_mq11thread_poolESaIS1_ELN9__gnu_cxx12_Lock_policyE2EE14_M_get_deleterERKSt9type_info
FN:546,_ZNSt23_Sp_counted_ptr_inplaceIN7hare_mq16consumer_managerESaIS1_ELN9__gnu_cxx12_Lock_policyE2EE14_M_get_deleterERKSt9type_info
FNDA:0,_ZNSt23_Sp_counted_ptr_inplaceIN7hare_mq16consumer_managerESaIS1_ELN9__gnu_cxx12_Lock_policyE2EE14_M_get_deleterERKSt9type_info
FN:546,_ZNSt23_Sp_counted_ptr_inplaceIN7hare_mq18connection_managerESaIS1_ELN9__gnu_cxx12_Lock_policyE2EE14_M_get_deleterERKSt9type_info
FNDA:0,_ZNSt23_Sp_counted_ptr_inplaceIN7hare_mq18connection_managerESaIS1_ELN9__gnu_cxx12_Lock_policyE2EE14_M_get_deleterERKSt9type_info
FN:592,_ZNSt14__shared_countILN9__gnu_cxx12_Lock_policyE2EEC2IP9CallbackTIN7hare_mq13unbindRequestEEEET_
FNDA:0,_ZNSt14__shared_countILN9__gnu_cxx12_Lock_policyE2EEC2IP9CallbackTIN7hare_mq13unbindRequestEEEET_
FN:592,_ZNSt14__shared_countILN9__gnu_cxx12_Lock_policyE2EEC2IP9CallbackTIN7hare_mq17basicQueryRequestEEEET_
FNDA:0,_ZNSt14__shared_countILN9__gnu_cxx12_Lock_policyE2EEC2IP9CallbackTIN7hare_mq17basicQueryRequestEEEET_
FN:592,_ZNSt14__shared_countILN9__gnu_cxx12_Lock_policyE2EEC2IP9CallbackTIN7hare_mq18basicCancelRequestEEEET_
FNDA:0,_ZNSt14__shared_countILN9__gnu_cxx12_Lock_policyE2EEC2IP9CallbackTIN7hare_mq18basicCancelRequestEEEET_
FN:592,_ZNSt14__shared_countILN9__gnu_cxx12_Lock_policyE2EEC2IP9CallbackTIN7hare_mq19basicConsumeRequestEEEET_
FNDA:0,_ZNSt14__shared_countILN9__gnu_cxx12_Lock_policyE2EEC2IP9CallbackTIN7hare_mq19basicConsumeRequestEEEET_
FN:592,_ZNSt14__shared_countILN9__gnu_cxx12_Lock_policyE2EEC2IP9CallbackTIN7hare_mq15basicAckRequestEEEET_
FNDA:0,_ZNSt14__shared_countILN9__gnu_cxx12_Lock_policyE2EEC2IP9CallbackTIN7hare_mq15basicAckRequestEEEET_
FN:592,_ZNSt14__shared_countILN9__gnu_cxx12_Lock_policyE2EEC2IP9CallbackTIN7hare_mq18openChannelRequestEEEET_
FNDA:0,_ZNSt14__shared_countILN9__gnu_cxx12_Lock_policyE2EEC2IP9CallbackTIN7hare_mq18openChannelRequestEEEET_
FN:592,_ZNSt14__shared_countILN9__gnu_cxx12_Lock_policyE2EEC2IP9CallbackTIN7hare_mq19closeChannelRequestEEEET_
FNDA:0,_ZNSt14__shared_countILN9__gnu_cxx12_Lock_policyE2EEC2IP9CallbackTIN7hare_mq19closeChannelRequestEEEET_
FN:592,_ZNSt14__shared_countILN9__gnu_cxx12_Lock_policyE2EEC2IP9CallbackTIN7hare_mq19declareQueueRequestEEEET_
FNDA:0,_ZNSt14__shared_countILN9__gnu_cxx12_Lock_policyE2EEC2IP9CallbackTIN7hare_mq19declareQueueRequestEEEET_
FN:592,_ZNSt14__shared_countILN9__gnu_cxx12_Lock_policyE2EEC2IP9CallbackTIN7hare_mq19basicPublishRequestEEEET_
FNDA:0,_ZNSt14__shared_countILN9__gnu_cxx12_Lock_policyE2EEC2IP9CallbackTIN7hare_mq19basicPublishRequestEEEET_
FN:592,_ZNSt14__shared_countILN9__gnu_cxx12_Lock_policyE2EEC2IP9CallbackTIN7hare_mq11bindRequestEEEET_
FNDA:0,_ZNSt14__shared_countILN9__gnu_cxx12_Lock_policyE2EEC2IP9CallbackTIN7hare_mq11bindRequestEEEET_
FN:592,_ZNSt14__shared_countILN9__gnu_cxx12_Lock_policyE2EEC2IP9CallbackTIN7hare_mq18deleteQueueRequestEEEET_
FNDA:0,_ZNSt14__shared_countILN9__gnu_cxx12_Lock_policyE2EEC2IP9CallbackTIN7hare_mq18deleteQueueRequestEEEET_
FN:592,_ZNSt14__shared_countILN9__gnu_cxx12_Lock_policyE2EEC2IP9CallbackTIN7hare_mq22declareExchangeRequestEEEET_
FNDA:0,_ZNSt14__shared_countILN9__gnu_cxx12_Lock_policyE2EEC2IP9CallbackTIN7hare_mq22declareExchangeRequestEEEET_
FN:592,_ZNSt14__shared_countILN9__gnu_cxx12_Lock_policyE2EEC2IP9CallbackTIN7hare_mq21deleteExchangeRequestEEEET_
FNDA:0,_ZNSt14__shared_countILN9__gnu_cxx12_Lock_policyE2EEC2IP9CallbackTIN7hare_mq21deleteExchangeRequestEEEET_
FN:643,_ZNSt14__shared_countILN9__gnu_cxx12_Lock_policyE2EEC2IN7hare_mq12virtual_hostESaIS5_EJRKPKcRKNSt7__cxx1112basic_stringIcSt11char_traitsIcESaIcEEERSG_EEERPT_St20_Sp_alloc_shared_tagIT0_EDpOT1_
FNDA:0,_ZNSt14__shared_countILN9__gnu_cxx12_Lock_policyE2EEC2IN7hare_mq12virtual_hostESaIS5_EJRKPKcRKNSt7__cxx1112basic_stringIcSt11char_traitsIcESaIcEEERSG_EEERPT_St20_Sp_alloc_shared_tagIT0_EDpOT1_
FN:643,_ZNSt14__shared_countILN9__gnu_cxx12_Lock_policyE2EEC2I13ProtobufCodecSaIS4_EJSt5_BindIFM18ProtobufDispatcherKFvRKSt10shared_ptrIN5muduo3net13TcpConnectionEERKS8_IN6google8protobuf7MessageEENS9_9TimestampEEPS7_St12_PlaceholderILi1EESP_ILi2EESP_ILi3EEEEEEERPT_St20_Sp_alloc_shared_tagIT0_EDpOT1_
FNDA:0,_ZNSt14__shared_countILN9__gnu_cxx12_Lock_policyE2EEC2I13ProtobufCodecSaIS4_EJSt5_BindIFM18ProtobufDispatcherKFvRKSt10shared_ptrIN5muduo3net13TcpConnectionEERKS8_IN6google8protobuf7MessageEENS9_9TimestampEEPS7_St12_PlaceholderILi1EESP_ILi2EESP_ILi3EEEEEEERPT_St20_Sp_alloc_shared_tagIT0_EDpOT1_
FN:643,_ZNSt14__shared_countILN9__gnu_cxx12_Lock_policyE2EEC2IN7hare_mq16consumer_managerESaIS5_EJEEERPT_St20_Sp_alloc_shared_tagIT0_EDpOT1_
FNDA:0,_ZNSt14__shared_countILN9__gnu_cxx12_Lock_policyE2EEC2IN7hare_mq16consumer_managerESaIS5_EJEEERPT_St20_Sp_alloc_shared_tagIT0_EDpOT1_
FN:643,_ZNSt14__shared_countILN9__gnu_cxx12_Lock_policyE2EEC2IN7hare_mq18connection_managerESaIS5_EJEEERPT_St20_Sp_alloc_shared_tagIT0_EDpOT1_
FNDA:0,_ZNSt14__shared_countILN9__gnu_cxx12_Lock_policyE2EEC2IN7hare_mq18connection_managerESaIS5_EJEEERPT_St20_Sp_alloc_shared_tagIT0_EDpOT1_
FN:643,_ZNSt14__shared_countILN9__gnu_cxx12_Lock_policyE2EEC2IN7hare_mq11thread_poolESaIS5_EJEEERPT_St20_Sp_alloc_shared_tagIT0_EDpOT1_
FNDA:0,_ZNSt14__shared_countILN9__gnu_cxx12_Lock_policyE2EEC2IN7hare_mq11thread_poolESaIS5_EJEEERPT_St20_Sp_alloc_shared_tagIT0_EDpOT1_
FN:716,_ZNSt14__shared_countILN9__gnu_cxx12_Lock_policyE2EEaSERKS2_
FNDA:0,_ZNSt14__shared_countILN9__gnu_cxx12_Lock_policyE2EEaSERKS2_
FN:1248,_ZNSt12__shared_ptrIN7hare_mq11thread_poolELN9__gnu_cxx12_Lock_policyE2EEaSEOS4_
FNDA:0,_ZNSt12__shared_ptrIN7hare_mq11thread_poolELN9__gnu_cxx12_Lock_policyE2EEaSEOS4_
FN:1248,_ZNSt12__shared_ptrIN7hare_mq18connection_managerELN9__gnu_cxx12_Lock_policyE2EEaSEOS4_
FNDA:0,_ZNSt12__shared_ptrIN7hare_mq18connection_managerELN9__gnu_cxx12_Lock_policyE2EEaSEOS4_
FN:1248,_ZNSt12__shared_ptrIN7hare_mq16consumer_managerELN9__gnu_cxx12_Lock_policyE2EEaSEOS4_
FNDA:0,_ZNSt12__shared_ptrIN7hare_mq16consumer_managerELN9__gnu_cxx12_Lock_policyE2EEaSEOS4_
FN:1248,_ZNSt12__shared_ptrIN7hare_mq12virtual_hostELN9__gnu_cxx12_Lock_policyE2EEaSEOS4_
FNDA:0,_ZNSt12__shared_ptrIN7hare_mq12virtual_hostELN9__gnu_cxx12_Lock_policyE2EEaSEOS4_
FN:1248,_ZNSt12__shared_ptrI13ProtobufCodecLN9__gnu_cxx12_Lock_policyE2EEaSEOS3_
FNDA:0,_ZNSt12__shared_ptrI13ProtobufCodecLN9__gnu_cxx12_Lock_policyE2EEaSEOS3_
DA:126,0
DA:127,0
DA:130,0
DA:140,0
DA:141,0
DA:147,0
DA:148,0
DA:161,0
DA:165,0
DA:168,0
DA:180,0
DA:184,0
DA:187,0
DA:339,0
DA:343,0
DA:344,0
DA:347,0
DA:348,0
DA:347,0
DA:348,0
DA:347,0
DA:348,0
DA:347,0
DA:348,0
DA:347,0
DA:348,0
DA:347,0
DA:348,0
DA:347,0
DA:348,0
DA:347,0
DA:348,0
DA:347,0
DA:348,0
DA:347,0
DA:348,0
DA:347,0
DA:348,0
DA:347,0
DA:348,0
DA:347,0
DA:348,0
DA:351,0
DA:352,0
DA:351,0
DA:352,0
DA:351,0
DA:352,0
DA:351,0
DA:352,0
DA:351,0
DA:352,0
DA:351,0
DA:352,0
DA:351,0
DA:352,0
DA:351,0
DA:352,0
DA:351,0
DA:352,0
DA:351,0
DA:352,0
DA:351,0
DA:352,0
DA:351,0
DA:352,0
DA:351,0
DA:352,0
DA:355,0
DA:356,0
DA:355,0
DA:356,0
DA:355,0
DA:356,0
DA:355,0
DA:356,0
DA:355,0
DA:356,0
DA:355,0
DA:356,0
DA:355,0
DA:356,0
DA:355,0
DA:356,0
DA:355,0
DA:356,0
DA:355,0
DA:356,0
DA:355,0
DA:356,0
DA:355,0
DA:356,0
DA:355,0
DA:356,0
DA:375,0
DA:383,0
DA:385,0
DA:479,0
DA:481,0
DA:482,0
DA:497,0
DA:502,0
DA:514,0
DA:515,0
DA:519,0
DA:521,0
DA:523,0
DA:523,0
DA:523,0
DA:523,0
DA:523,0
DA:523,0
DA:523,0
DA:523,0
DA:523,0
DA:523,0
DA:523,0
DA:523,0
DA:523,0
DA:526,0
DA:528,0
DA:529,0
DA:526,0
DA:528,0
DA:529,0
DA:526,0
DA:528,0
DA:529,0
DA:526,0
DA:528,0
DA:529,0
DA:526,0
DA:528,0
DA:529,0
DA:526,0
DA:528,0
DA:529,0
DA:533,0
DA:535,0
DA:536,0
DA:537,0
DA:538,0
DA:533,0
DA:535,0
DA:536,0
DA:537,0
DA:538,0
DA:533,0
DA:535,0
DA:536,0
DA:537,0
DA:538,0
DA:533,0
DA:535,0
DA:536,0
DA:537,0
DA:538,0
DA:533,0
DA:535,0
DA:536,0
DA:537,0
DA:538,0
DA:533,0
DA:535,0
DA:536,0
DA:537,0
DA:538,0
DA:546,0
DA:548,0
DA:554,0
DA:556,0
DA:561,0
DA:546,0
DA:548,0
DA:554,0
DA:556,0
DA:561,0
DA:546,0
DA:548,0
DA:554,0
DA:556,0
DA:561,0
DA:546,0
DA:548,0
DA:554,0
DA:556,0
DA:561,0
DA:546,0
DA:548,0
DA:554,0
DA:556,0
DA:561,0
DA:565,0
DA:587,0
DA:592,0
DA:596,0
DA:598,0
DA:600,0
DA:601,0
DA:603,0
DA:592,0
DA:596,0
DA:598,0
DA:600,0
DA:601,0
DA:603,0
DA:592,0
DA:596,0
DA:598,0
DA:600,0
DA:601,0
DA:603,0
DA:592,0
DA:596,0
DA:598,0
DA:600,0
DA:601,0
DA:603,0
DA:592,0
DA:596,0
DA:598,0
DA:600,0
DA:601,0
DA:603,0
DA:592,0
DA:596,0
DA:598,0
DA:600,0
DA:601,0
DA:603,0
DA:592,0
DA:596,0
DA:598,0
DA:600,0
DA:601,0
DA:603,0
DA:592,0
DA:596,0
DA:598,0
DA:600,0
DA:601,0
DA:603,0
DA:592,0
DA:596,0
DA:598,0
DA:600,0
DA:601,0
DA:603,0
DA:592,0
DA:596,0
DA:598,0
DA:600,0
DA:601,0
DA:603,0
DA:592,0
DA:596,0
DA:598,0
DA:600,0
DA:601,0
DA:603,0
DA:592,0
DA:596,0
DA:598,0
DA:600,0
DA:601,0
DA:603,0
DA:592,0
DA:596,0
DA:598,0
DA:600,0
DA:601,0
DA:603,0
DA:606,0
DA:607,0
DA:643,0
DA:647,0
DA:648,0
DA:649,0
DA:650,0
DA:652,0
DA:653,0
DA:654,0
DA:655,0
DA:643,0
DA:647,0
DA:648,0
DA:649,0
DA:650,0
DA:652,0
DA:653,0
DA:654,0
DA:655,0
DA:643,0
DA:647,0
DA:648,0
DA:649,0
DA:650,0
DA:652,0
DA:653,0
DA:654,0
DA:655,0
DA:643,0
DA:647,0
DA:648,0
DA:649,0
DA:650,0
DA:651,0
DA:652,0
DA:653,0
DA:654,0
DA:655,0
DA:643,0
DA:647,0
DA:648,0
DA:649,0
DA:650,0
DA:651,0
DA:652,0
DA:653,0
DA:654,0
DA:655,0
DA:702,0
DA:704,0
DA:705,0
DA:708,0
DA:709,0
DA:711,0
DA:712,0
DA:716,0
DA:718,0
DA:719,0
DA:721,0
DA:722,0
DA:723,0
DA:724,0
DA:725,0
DA:727,0
DA:731,0
DA:733,0
DA:734,0
DA:735,0
DA:977,0
DA:979,0
DA:980,0
DA:984,0
DA:987,0
DA:992,0
DA:993,0
DA:1092,0
DA:1093,0
DA:1098,0
DA:1099,0
DA:1103,0
DA:1137,0
DA:1139,0
DA:1152,0
DA:1154,0
DA:1161,0
DA:1162,0
DA:1164,0
DA:1165,0
DA:1227,0
DA:1229,0
DA:1230,0
DA:1248,0
DA:1250,0
DA:1251,0
DA:1248,0
DA:1250,0
DA:1251,0
DA:1248,0
DA:1250,0
DA:1251,0
DA:1248,0
DA:1250,0
DA:1251,0
DA:1248,0
DA:1250,0
DA:1251,0
DA:1295,0
DA:1296,0
DA:1299,0
DA:1300,0
DA:1314,0
DA:1316,0
DA:1317,0
DA:1341,0
DA:1342,0
DA:1343,0
DA:1386,0
end_of_record
SF:/usr/include/c++/11/bits/stl_tree.h
FN:609,_ZNSt8_Rb_treeIPKN6google8protobuf10DescriptorESt4pairIKS4_St10shared_ptrI8CallbackEESt10_Select1stISA_ESt4lessIS4_ESaISA_EE14_M_create_nodeIJRKSt21piecewise_construct_tSt5tupleIJOS4_EESL_IJEEEEEPSt13_Rb_tree_nodeISA_EDpOT_
FNDA:0,_ZNSt8_Rb_treeIPKN6google8protobuf10DescriptorESt4pairIKS4_St10shared_ptrI8CallbackEESt10_Select1stISA_ESt4lessIS4_ESaISA_EE14_M_create_nodeIJRKSt21piecewise_construct_tSt5tupleIJOS4_EESL_IJEEEEEPSt13_Rb_tree_nodeISA_EDpOT_
FN:629,_ZNSt8_Rb_treeIPKN6google8protobuf10DescriptorESt4pairIKS4_St10shared_ptrI8CallbackEESt10_Select1stISA_ESt4lessIS4_ESaISA_EE12_M_drop_nodeEPSt13_Rb_tree_nodeISA_E
FNDA:0,_ZNSt8_Rb_treeIPKN6google8protobuf10DescriptorESt4pairIKS4_St10shared_ptrI8CallbackEESt10_Select1stISA_ESt4lessIS4_ESaISA_EE12_M_drop_nodeEPSt13_Rb_tree_nodeISA_E
FN:1883,_ZNSt8_Rb_treeIPKN6google8protobuf10DescriptorESt4pairIKS4_St10shared_ptrI8CallbackEESt10_Select1stISA_ESt4lessIS4_ESaISA_EE8_M_eraseEPSt13_Rb_tree_nodeISA_E
FNDA:0,_ZNSt8_Rb_treeIPKN6google8protobuf10DescriptorESt4pairIKS4_St10shared_ptrI8CallbackEESt10_Select1stISA_ESt4lessIS4_ESaISA_EE8_M_eraseEPSt13_Rb_tree_nodeISA_E
FN:2061,_ZNSt8_Rb_treeIPKN6google8protobuf10DescriptorESt4pairIKS4_St10shared_ptrI8CallbackEESt10_Select1stISA_ESt4lessIS4_ESaISA_EE24_M_get_insert_unique_posERS6_
FNDA:0,_ZNSt8_Rb_treeIPKN6google8protobuf10DescriptorESt4pairIKS4_St10shared_ptrI8CallbackEESt10_Select1stISA_ESt4lessIS4_ESaISA_EE24_M_get_insert_unique_posERS6_
FN:2163,_ZNSt8_Rb_treeIPKN6google8protobuf10DescriptorESt4pairIKS4_St10shared_ptrI8CallbackEESt10_Select1stISA_ESt4lessIS4_ESaISA_EE29_M_get_insert_hint_unique_posESt23_Rb_tree_const_iteratorISA_ERS6_
FNDA:0,_ZNSt8_Rb_treeIPKN6google8protobuf10DescriptorESt4pairIKS4_St10shared_ptrI8CallbackEESt10_Select1stISA_ESt4lessIS4_ESaISA_EE29_M_get_insert_hint_unique_posESt23_Rb_tree_const_iteratorISA_ERS6_
FN:2330,_ZNSt8_Rb_treeIPKN6google8protobuf10DescriptorESt4pairIKS4_St10shared_ptrI8CallbackEESt10_Select1stISA_ESt4lessIS4_ESaISA_EE14_M_insert_nodeEPSt18_Rb_tree_node_baseSI_PSt13_Rb_tree_nodeISA_E
FNDA:0,_ZNSt8_Rb_treeIPKN6google8protobuf10DescriptorESt4pairIKS4_St10shared_ptrI8CallbackEESt10_Select1stISA_ESt4lessIS4_ESaISA_EE14_M_insert_nodeEPSt18_Rb_tree_node_baseSI_PSt13_Rb_tree_nodeISA_E
FN:2428,_ZNSt8_Rb_treeIPKN6google8protobuf10DescriptorESt4pairIKS4_St10shared_ptrI8CallbackEESt10_Select1stISA_ESt4lessIS4_ESaISA_EE22_M_emplace_hint_uniqueIJRKSt21piecewise_construct_tSt5tupleIJOS4_EESL_IJEEEEESt17_Rb_tree_iteratorISA_ESt23_Rb_tree_const_iteratorISA_EDpOT_
FNDA:0,_ZNSt8_Rb_treeIPKN6google8protobuf10DescriptorESt4pairIKS4_St10shared_ptrI8CallbackEESt10_Select1stISA_ESt4lessIS4_ESaISA_EE22_M_emplace_hint_uniqueIJRKSt21piecewise_construct_tSt5tupleIJOS4_EESL_IJEEEEESt17_Rb_tree_iteratorISA_ESt23_Rb_tree_const_iteratorISA_EDpOT_
FN:2533,_ZNKSt8_Rb_treeIPKN6google8protobuf10DescriptorESt4pairIKS4_St10shared_ptrI8CallbackEESt10_Select1stISA_ESt4lessIS4_ESaISA_EE4findERS6_
FNDA:0,_ZNKSt8_Rb_treeIPKN6google8protobuf10DescriptorESt4pairIKS4_St10shared_ptrI8CallbackEESt10_Select1stISA_ESt4lessIS4_ESaISA_EE4findERS6_
DA:146,0
DA:173,0
DA:174,0
DA:175,0
DA:176,0
DA:206,0
DA:208,0
DA:209,0
DA:210,0
DA:211,0
DA:235,0
DA:239,0
DA:273,0
DA:274,0
DA:278,0
DA:285,0
DA:287,0
DA:300,0
DA:302,0
DA:303,0
DA:315,0
DA:347,0
DA:350,0
DA:351,0
DA:354,0
DA:355,0
DA:363,0
DA:396,0
DA:547,0
DA:548,0
DA:560,0
DA:561,0
DA:564,0
DA:565,0
DA:590,0
DA:595,0
DA:609,0
DA:611,0
DA:612,0
DA:613,0
DA:618,0
DA:623,0
DA:624,0
DA:629,0
DA:631,0
DA:632,0
DA:633,0
DA:660,0
DA:667,0
DA:671,0
DA:719,0
DA:727,0
DA:734,0
DA:735,0
DA:738,0
DA:739,0
DA:742,0
DA:745,0
DA:749,0
DA:750,0
DA:753,0
DA:754,0
DA:757,0
DA:775,0
DA:779,0
DA:780,0
DA:783,0
DA:784,0
DA:787,0
DA:788,0
DA:791,0
DA:792,0
DA:796,0
DA:928,0
DA:983,0
DA:984,0
DA:995,0
DA:996,0
DA:1003,0
DA:1004,0
DA:1007,0
DA:1008,0
DA:1031,0
DA:1032,0
DA:1269,0
DA:1270,0
DA:1883,0
DA:1887,0
DA:1889,0
DA:1890,0
DA:1891,0
DA:1892,0
DA:1894,0
DA:1900,0
DA:1904,0
DA:1905,0
DA:1906,0
DA:1908,0
DA:1909,0
DA:1916,0
DA:1920,0
DA:1921,0
DA:1922,0
DA:1924,0
DA:1925,0
DA:2061,0
DA:2065,0
DA:2066,0
DA:2067,0
DA:2068,0
DA:2070,0
DA:2071,0
DA:2072,0
DA:2074,0
DA:2075,0
DA:2077,0
DA:2078,0
DA:2080,0
DA:2082,0
DA:2083,0
DA:2084,0
DA:2163,0
DA:2167,0
DA:2171,0
DA:2173,0
DA:2174,0
DA:2175,0
DA:2177,0
DA:2179,0
DA:2182,0
DA:2183,0
DA:2184,0
DA:2185,0
DA:2187,0
DA:2188,0
DA:2190,0
DA:2193,0
DA:2195,0
DA:2198,0
DA:2199,0
DA:2200,0
DA:2201,0
DA:2203,0
DA:2204,0
DA:2206,0
DA:2209,0
DA:2213,0
DA:2330,0
DA:2333,0
DA:2334,0
DA:2335,0
DA:2337,0
DA:2338,0
DA:2339,0
DA:2340,0
DA:2428,0
DA:2431,0
DA:2435,0
DA:2437,0
DA:2438,0
DA:2440,0
DA:2441,0
DA:2533,0
DA:2536,0
DA:2537,0
DA:2538,0
DA:2539,0
end_of_record
SF:/usr/include/c++/11/iostream
end_of_record
SF:/usr/include/c++/11/ext/aligned_buffer.h
DA:65,0
DA:69,0
DA:73,0
DA:77,0
DA:102,0
DA:104,0
DA:114,0
DA:115,0
end_of_record
SF:/home/eric/2025MQ/MQproject/2025MQWorkSpace/src/tools/muduo/_install/include/muduo/net/TcpConnection.h
DA:56,0
DA:57,0
DA:58,0
DA:59,0
end_of_record
SF:/home/eric/2025MQ/MQproject/2025MQWorkSpace/src/server/broker_server.cpp
FN:27,_ZN7hare_mq12BrokerServerC2EiRKNSt7__cxx1112basic_stringIcSt11char_traitsIcESaIcEEE
FNDA:0,_ZN7hare_mq12BrokerServerC2EiRKNSt7__cxx1112basic_stringIcSt11char_traitsIcESaIcEEE
FN:78,_ZN7hare_mq12BrokerServer5startEv
FNDA:0,_ZN7hare_mq12BrokerServer5startEv
FN:88,_ZN7hare_mq12BrokerServer15printServerInfoEv
FNDA:0,_ZN7hare_mq12BrokerServer15printServerInfoEv
FN:106,_ZN7hare_mq12BrokerServer19printConnectionInfoERKSt10shared_ptrIN5muduo3net13TcpConnectionEE
FNDA:0,_ZN7hare_mq12BrokerServer19printConnectionInfoERKSt10shared_ptrIN5muduo3net13TcpConnectionEE
FN:118,_ZN7hare_mq12BrokerServer12onConnectionERKSt10shared_ptrIN5muduo3net13TcpConnectionEE
FNDA:0,_ZN7hare_mq12BrokerServer12onConnectionERKSt10shared_ptrIN5muduo3net13TcpConnectionEE
FN:133,_ZN7hare_mq12BrokerServer16onUnknownMessageERKSt10shared_ptrIN5muduo3net13TcpConnectionEERKS1_IN6google8protobuf7MessageEENS2_9TimestampE
FNDA:0,_ZN7hare_mq12BrokerServer16onUnknownMessageERKSt10shared_ptrIN5muduo3net13TcpConnectionEERKS1_IN6google8protobuf7MessageEENS2_9TimestampE
FN:160,_ZN7hare_mq12BrokerServer14on_openChannelERKSt10shared_ptrIN5muduo3net13TcpConnectionEERKS1_INS_18openChannelRequestEENS2_9TimestampE
FNDA:0,_ZN7hare_mq12BrokerServer14on_openChannelERKSt10shared_ptrIN5muduo3net13TcpConnectionEERKS1_INS_18openChannelRequestEENS2_9TimestampE
FN:168,_ZN7hare_mq12BrokerServer15on_closeChannelERKSt10shared_ptrIN5muduo3net13TcpConnectionEERKS1_INS_19closeChannelRequestEENS2_9TimestampE
FNDA:0,_ZN7hare_mq12BrokerServer15on_closeChannelERKSt10shared_ptrIN5muduo3net13TcpConnectionEERKS1_INS_19closeChannelRequestEENS2_9TimestampE
FN:176,_ZN7hare_mq12BrokerServer18on_declareExchangeERKSt10shared_ptrIN5muduo3net13TcpConnectionEERKS1_INS_22declareExchangeRequestEENS2_9TimestampE
FNDA:0,_ZN7hare_mq12BrokerServer18on_declareExchangeERKSt10shared_ptrIN5muduo3net13TcpConnectionEERKS1_INS_22declareExchangeRequestEENS2_9TimestampE
FN:185,_ZN7hare_mq12BrokerServer17on_deleteExchangeERKSt10shared_ptrIN5muduo3net13TcpConnectionEERKS1_INS_21deleteExchangeRequestEENS2_9TimestampE
FNDA:0,_ZN7hare_mq12BrokerServer17on_deleteExchangeERKSt10shared_ptrIN5muduo3net13TcpConnectionEERKS1_INS_21deleteExchangeRequestEENS2_9TimestampE
FN:194,_ZN7hare_mq12BrokerServer15on_declareQueueERKSt10shared_ptrIN5muduo3net13TcpConnectionEERKS1_INS_19declareQueueRequestEENS2_9TimestampE
FNDA:0,_ZN7hare_mq12BrokerServer15on_declareQueueERKSt10shared_ptrIN5muduo3net13TcpConnectionEERKS1_INS_19declareQueueRequestEENS2_9TimestampE
FN:203,_ZN7hare_mq12BrokerServer14on_deleteQueueERKSt10shared_ptrIN5muduo3net13TcpConnectionEERKS1_INS_18deleteQueueRequestEENS2_9TimestampE
FNDA:0,_ZN7hare_mq12BrokerServer14on_deleteQueueERKSt10shared_ptrIN5muduo3net13TcpConnectionEERKS1_INS_18deleteQueueRequestEENS2_9TimestampE
FN:212,_ZN7hare_mq12BrokerServer7on_bindERKSt10shared_ptrIN5muduo3net13TcpConnectionEERKS1_INS_11bindRequestEENS2_9TimestampE
FNDA:0,_ZN7hare_mq12BrokerServer7on_bindERKSt10shared_ptrIN5muduo3net13TcpConnectionEERKS1_INS_11bindRequestEENS2_9TimestampE
FN:221,_ZN7hare_mq12BrokerServer9on_unbindERKSt10shared_ptrIN5muduo3net13TcpConnectionEERKS1_INS_13unbindRequestEENS2_9TimestampE
FNDA:0,_ZN7hare_mq12BrokerServer9on_unbindERKSt10shared_ptrIN5muduo3net13TcpConnectionEERKS1_INS_13unbindRequestEENS2_9TimestampE
FN:230,_ZN7hare_mq12BrokerServer15on_basicPublishERKSt10shared_ptrIN5muduo3net13TcpConnectionEERKS1_INS_19basicPublishRequestEENS2_9TimestampE
FNDA:0,_ZN7hare_mq12BrokerServer15on_basicPublishERKSt10shared_ptrIN5muduo3net13TcpConnectionEERKS1_INS_19basicPublishRequestEENS2_9TimestampE
FN:239,_ZN7hare_mq12BrokerServer11on_basicAckERKSt10shared_ptrIN5muduo3net13TcpConnectionEERKS1_INS_15basicAckRequestEENS2_9TimestampE
FNDA:0,_ZN7hare_mq12BrokerServer11on_basicAckERKSt10shared_ptrIN5muduo3net13TcpConnectionEERKS1_INS_15basicAckRequestEENS2_9TimestampE
FN:248,_ZN7hare_mq12BrokerServer15on_basicConsumeERKSt10shared_ptrIN5muduo3net13TcpConnectionEERKS1_INS_19basicConsumeRequestEENS2_9TimestampE
FNDA:0,_ZN7hare_mq12BrokerServer15on_basicConsumeERKSt10shared_ptrIN5muduo3net13TcpConnectionEERKS1_INS_19basicConsumeRequestEENS2_9TimestampE
FN:257,_ZN7hare_mq12BrokerServer14on_basicCancelERKSt10shared_ptrIN5muduo3net13TcpConnectionEERKS1_INS_18basicCancelRequestEENS2_9TimestampE
FNDA:0,_ZN7hare_mq12BrokerServer14on_basicCancelERKSt10shared_ptrIN5muduo3net13TcpConnectionEERKS1_INS_18basicCancelRequestEENS2_9TimestampE
FN:266,_ZN7hare_mq12BrokerServer13on_basicQueryERKSt10shared_ptrIN5muduo3net13TcpConnectionEERKS1_INS_17basicQueryRequestEENS2_9TimestampE
FNDA:0,_ZN7hare_mq12BrokerServer13on_basicQueryERKSt10shared_ptrIN5muduo3net13TcpConnectionEERKS1_INS_17basicQueryRequestEENS2_9TimestampE
DA:27,0
DA:30,0
DA:31,0
DA:32,0
DA:34,0
DA:35,0
DA:37,0
DA:38,0
DA:39,0
DA:42,0
DA:43,0
DA:44,0
DA:45,0
DA:46,0
DA:49,0
DA:50,0
DA:51,0
DA:57,0
DA:58,0
DA:59,0
DA:60,0
DA:61,0
DA:62,0
DA:63,0
DA:64,0
DA:65,0
DA:66,0
DA:67,0
DA:68,0
DA:69,0
DA:73,0
DA:74,0
DA:75,0
DA:78,0
DA:80,0
DA:81,0
DA:82,0
DA:83,0
DA:88,0
DA:90,0
DA:91,0
DA:92,0
DA:93,0
DA:94,0
DA:96,0
DA:98,0
DA:99,0
DA:100,0
DA:101,0
DA:102,0
DA:103,0
DA:104,0
DA:106,0
DA:108,0
DA:109,0
DA:110,0
DA:111,0
DA:112,0
DA:113,0
DA:118,0
DA:120,0
DA:121,0
DA:122,0
DA:123,0
DA:125,0
DA:126,0
DA:128,0
DA:133,0
DA:135,0
DA:136,0
DA:137,0
DA:160,0
DA:162,0
DA:163,0
DA:164,0
DA:165,0
DA:166,0
DA:168,0
DA:170,0
DA:171,0
DA:172,0
DA:173,0
DA:174,0
DA:176,0
DA:178,0
DA:179,0
DA:180,0
DA:181,0
DA:182,0
DA:183,0
DA:185,0
DA:187,0
DA:188,0
DA:189,0
DA:190,0
DA:191,0
DA:192,0
DA:194,0
DA:196,0
DA:197,0
DA:198,0
DA:199,0
DA:200,0
DA:201,0
DA:203,0
DA:205,0
DA:206,0
DA:207,0
DA:208,0
DA:209,0
DA:210,0
DA:212,0
DA:214,0
DA:215,0
DA:216,0
DA:217,0
DA:218,0
DA:219,0
DA:221,0
DA:223,0
DA:224,0
DA:225,0
DA:226,0
DA:227,0
DA:228,0
DA:230,0
DA:232,0
DA:233,0
DA:234,0
DA:235,0
DA:236,0
DA:237,0
DA:239,0
DA:241,0
DA:242,0
DA:243,0
DA:244,0
DA:245,0
DA:246,0
DA:248,0
DA:250,0
DA:251,0
DA:252,0
DA:253,0
DA:254,0
DA:255,0
DA:257,0
DA:259,0
DA:260,0
DA:261,0
DA:262,0
DA:263,0
DA:264,0
DA:266,0
DA:268,0
DA:269,0
DA:270,0
DA:271,0
DA:272,0
DA:273,0
end_of_record
SF:/usr/include/c++/11/bits/alloc_traits.h
DA:463,0
DA:464,0
DA:495,0
DA:496,0
DA:511,0
DA:518,0
DA:531,0
DA:537,0
DA:562,0
DA:563,0
end_of_record
SF:/usr/include/c++/11/bits/stl_construct.h
FN:94,_ZSt12construct_atIN7hare_mq12virtual_hostEJRKPKcRKNSt7__cxx1112basic_stringIcSt11char_traitsIcESaIcEEERSB_EEDTgsnwcvPvLi0E_T_pispcl7declvalIT0_EEEEPSG_DpOSH_
FNDA:0,_ZSt12construct_atIN7hare_mq12virtual_hostEJRKPKcRKNSt7__cxx1112basic_stringIcSt11char_traitsIcESaIcEEERSB_EEDTgsnwcvPvLi0E_T_pispcl7declvalIT0_EEEEPSG_DpOSH_
FN:94,_ZSt12construct_atI13ProtobufCodecJSt5_BindIFM18ProtobufDispatcherKFvRKSt10shared_ptrIN5muduo3net13TcpConnectionEERKS3_IN6google8protobuf7MessageEENS4_9TimestampEEPS2_St12_PlaceholderILi1EESK_ILi2EESK_ILi3EEEEEEDTgsnwcvPvLi0E_T_pispcl7declvalIT0_EEEEPSR_DpOSS_
FNDA:0,_ZSt12construct_atI13ProtobufCodecJSt5_BindIFM18ProtobufDispatcherKFvRKSt10shared_ptrIN5muduo3net13TcpConnectionEERKS3_IN6google8protobuf7MessageEENS4_9TimestampEEPS2_St12_PlaceholderILi1EESK_ILi2EESK_ILi3EEEEEEDTgsnwcvPvLi0E_T_pispcl7declvalIT0_EEEEPSR_DpOSS_
DA:80,0
DA:88,0
DA:94,0
DA:97,0
DA:94,0
DA:97,0
DA:94,0
DA:97,0
end_of_record
SF:/home/eric/2025MQ/MQproject/2025MQWorkSpace/src/tools/muduo/_install/include/muduo/base/LogStream.h
FN:39,_ZN5muduo6detail11FixedBufferILi4000EE6appendEPKcm
FNDA:0,_ZN5muduo6detail11FixedBufferILi4000EE6appendEPKcm
FN:120,_ZN5muduo9LogStreamlsEPKc
FNDA:0,_ZN5muduo9LogStreamlsEPKc
DA:39,0
DA:42,0
DA:44,0
DA:45,0
DA:47,0
DA:54,0
DA:68,0
DA:113,0
DA:114,0
DA:120,0
DA:122,0
DA:124,0
DA:128,0
DA:130,0
DA:138,0
DA:140,0
DA:141,0
end_of_record
SF:/usr/include/c++/11/new
DA:174,0
DA:175,0
end_of_record
SF:/usr/include/c++/11/tuple
DA:80,0
DA:83,0
DA:124,0
DA:187,0
DA:189,0
DA:190,0
DA:192,0
DA:193,0
DA:195,0
DA:196,0
DA:199,0
DA:200,0
DA:233,0
DA:258,0
DA:268,0
DA:271,0
DA:279,0
DA:280,0
DA:283,0
DA:284,0
DA:290,0
DA:292,0
DA:295,0
DA:301,0
DA:424,0
DA:430,0
DA:431,0
DA:434,0
DA:435,0
DA:440,0
DA:441,0
DA:454,0
DA:456,0
DA:609,0
DA:727,0
DA:729,0
DA:742,0
DA:744,0
DA:754,0
DA:756,0
DA:1049,0
DA:1051,0
DA:1077,0
DA:1079,0
DA:1090,0
DA:1377,0
DA:1378,0
DA:1393,0
DA:1394,0
DA:1400,0
DA:1405,0
DA:1408,0
DA:1617,0
DA:1618,0
DA:1804,0
DA:1809,0
DA:1816,0
DA:1819,0
DA:1820,0
end_of_record
SF:/usr/include/c++/11/bits/invoke.h
FN:71,_ZSt13__invoke_implIvRMN7hare_mq12BrokerServerEFvRKSt10shared_ptrIN5muduo3net13TcpConnectionEERKS2_INS0_19basicPublishRequestEENS3_9TimestampEERPS1_JS8_SC_SD_EET_St21__invoke_memfun_derefOT0_OT1_DpOT2_
FNDA:0,_ZSt13__invoke_implIvRMN7hare_mq12BrokerServerEFvRKSt10shared_ptrIN5muduo3net13TcpConnectionEERKS2_INS0_19basicPublishRequestEENS3_9TimestampEERPS1_JS8_SC_SD_EET_St21__invoke_memfun_derefOT0_OT1_DpOT2_
FN:71,_ZSt13__invoke_implIvRMN7hare_mq12BrokerServerEFvRKSt10shared_ptrIN5muduo3net13TcpConnectionEERKS2_INS0_18openChannelRequestEENS3_9TimestampEERPS1_JS8_SC_SD_EET_St21__invoke_memfun_derefOT0_OT1_DpOT2_
FNDA:0,_ZSt13__invoke_implIvRMN7hare_mq12BrokerServerEFvRKSt10shared_ptrIN5muduo3net13TcpConnectionEERKS2_INS0_18openChannelRequestEENS3_9TimestampEERPS1_JS8_SC_SD_EET_St21__invoke_memfun_derefOT0_OT1_DpOT2_
FN:71,_ZSt13__invoke_implIvRMN7hare_mq12BrokerServerEFvRKSt10shared_ptrIN5muduo3net13TcpConnectionEERKS2_INS0_19closeChannelRequestEENS3_9TimestampEERPS1_JS8_SC_SD_EET_St21__invoke_memfun_derefOT0_OT1_DpOT2_
FNDA:0,_ZSt13__invoke_implIvRMN7hare_mq12BrokerServerEFvRKSt10shared_ptrIN5muduo3net13TcpConnectionEERKS2_INS0_19closeChannelRequestEENS3_9TimestampEERPS1_JS8_SC_SD_EET_St21__invoke_memfun_derefOT0_OT1_DpOT2_
FN:71,_ZSt13__invoke_implIvRMN7hare_mq12BrokerServerEFvRKSt10shared_ptrIN5muduo3net13TcpConnectionEERKS2_INS0_22declareExchangeRequestEENS3_9TimestampEERPS1_JS8_SC_SD_EET_St21__invoke_memfun_derefOT0_OT1_DpOT2_
FNDA:0,_ZSt13__invoke_implIvRMN7hare_mq12BrokerServerEFvRKSt10shared_ptrIN5muduo3net13TcpConnectionEERKS2_INS0_22declareExchangeRequestEENS3_9TimestampEERPS1_JS8_SC_SD_EET_St21__invoke_memfun_derefOT0_OT1_DpOT2_
FN:71,_ZSt13__invoke_implIvRMN7hare_mq12BrokerServerEFvRKSt10shared_ptrIN5muduo3net13TcpConnectionEERKS2_INS0_21deleteExchangeRequestEENS3_9TimestampEERPS1_JS8_SC_SD_EET_St21__invoke_memfun_derefOT0_OT1_DpOT2_
FNDA:0,_ZSt13__invoke_implIvRMN7hare_mq12BrokerServerEFvRKSt10shared_ptrIN5muduo3net13TcpConnectionEERKS2_INS0_21deleteExchangeRequestEENS3_9TimestampEERPS1_JS8_SC_SD_EET_St21__invoke_memfun_derefOT0_OT1_DpOT2_
FN:71,_ZSt13__invoke_implIvRMN7hare_mq12BrokerServerEFvRKSt10shared_ptrIN5muduo3net13TcpConnectionEERKS2_INS0_19declareQueueRequestEENS3_9TimestampEERPS1_JS8_SC_SD_EET_St21__invoke_memfun_derefOT0_OT1_DpOT2_
FNDA:0,_ZSt13__invoke_implIvRMN7hare_mq12BrokerServerEFvRKSt10shared_ptrIN5muduo3net13TcpConnectionEERKS2_INS0_19declareQueueRequestEENS3_9TimestampEERPS1_JS8_SC_SD_EET_St21__invoke_memfun_derefOT0_OT1_DpOT2_
FN:71,_ZSt13__invoke_implIvRMN7hare_mq12BrokerServerEFvRKSt10shared_ptrIN5muduo3net13TcpConnectionEERKS2_INS0_18deleteQueueRequestEENS3_9TimestampEERPS1_JS8_SC_SD_EET_St21__invoke_memfun_derefOT0_OT1_DpOT2_
FNDA:0,_ZSt13__invoke_implIvRMN7hare_mq12BrokerServerEFvRKSt10shared_ptrIN5muduo3net13TcpConnectionEERKS2_INS0_18deleteQueueRequestEENS3_9TimestampEERPS1_JS8_SC_SD_EET_St21__invoke_memfun_derefOT0_OT1_DpOT2_
FN:71,_ZSt13__invoke_implIvRMN7hare_mq12BrokerServerEFvRKSt10shared_ptrIN5muduo3net13TcpConnectionEERKS2_INS0_11bindRequestEENS3_9TimestampEERPS1_JS8_SC_SD_EET_St21__invoke_memfun_derefOT0_OT1_DpOT2_
FNDA:0,_ZSt13__invoke_implIvRMN7hare_mq12BrokerServerEFvRKSt10shared_ptrIN5muduo3net13TcpConnectionEERKS2_INS0_11bindRequestEENS3_9TimestampEERPS1_JS8_SC_SD_EET_St21__invoke_memfun_derefOT0_OT1_DpOT2_
FN:71,_ZSt13__invoke_implIvRMN7hare_mq12BrokerServerEFvRKSt10shared_ptrIN5muduo3net13TcpConnectionEERKS2_INS0_13unbindRequestEENS3_9TimestampEERPS1_JS8_SC_SD_EET_St21__invoke_memfun_derefOT0_OT1_DpOT2_
FNDA:0,_ZSt13__invoke_implIvRMN7hare_mq12BrokerServerEFvRKSt10shared_ptrIN5muduo3net13TcpConnectionEERKS2_INS0_13unbindRequestEENS3_9TimestampEERPS1_JS8_SC_SD_EET_St21__invoke_memfun_derefOT0_OT1_DpOT2_
FN:71,_ZSt13__invoke_implIvRM18ProtobufDispatcherKFvRKSt10shared_ptrIN5muduo3net13TcpConnectionEERKS1_IN6google8protobuf7MessageEENS2_9TimestampEERPS0_JS7_SD_SE_EET_St21__invoke_memfun_derefOT0_OT1_DpOT2_
FNDA:0,_ZSt13__invoke_implIvRM18ProtobufDispatcherKFvRKSt10shared_ptrIN5muduo3net13TcpConnectionEERKS1_IN6google8protobuf7MessageEENS2_9TimestampEERPS0_JS7_SD_SE_EET_St21__invoke_memfun_derefOT0_OT1_DpOT2_
FN:71,_ZSt13__invoke_implIvRMN7hare_mq12BrokerServerEFvRKSt10shared_ptrIN5muduo3net13TcpConnectionEERKS2_INS0_15basicAckRequestEENS3_9TimestampEERPS1_JS8_SC_SD_EET_St21__invoke_memfun_derefOT0_OT1_DpOT2_
FNDA:0,_ZSt13__invoke_implIvRMN7hare_mq12BrokerServerEFvRKSt10shared_ptrIN5muduo3net13TcpConnectionEERKS2_INS0_15basicAckRequestEENS3_9TimestampEERPS1_JS8_SC_SD_EET_St21__invoke_memfun_derefOT0_OT1_DpOT2_
FN:71,_ZSt13__invoke_implIvRMN7hare_mq12BrokerServerEFvRKSt10shared_ptrIN5muduo3net13TcpConnectionEERKS2_INS0_19basicConsumeRequestEENS3_9TimestampEERPS1_JS8_SC_SD_EET_St21__invoke_memfun_derefOT0_OT1_DpOT2_
FNDA:0,_ZSt13__invoke_implIvRMN7hare_mq12BrokerServerEFvRKSt10shared_ptrIN5muduo3net13TcpConnectionEERKS2_INS0_19basicConsumeRequestEENS3_9TimestampEERPS1_JS8_SC_SD_EET_St21__invoke_memfun_derefOT0_OT1_DpOT2_
FN:71,_ZSt13__invoke_implIvRMN7hare_mq12BrokerServerEFvRKSt10shared_ptrIN5muduo3net13TcpConnectionEERKS2_INS0_18basicCancelRequestEENS3_9TimestampEERPS1_JS8_SC_SD_EET_St21__invoke_memfun_derefOT0_OT1_DpOT2_
FNDA:0,_ZSt13__invoke_implIvRMN7hare_mq12BrokerServerEFvRKSt10shared_ptrIN5muduo3net13TcpConnectionEERKS2_INS0_18basicCancelRequestEENS3_9TimestampEERPS1_JS8_SC_SD_EET_St21__invoke_memfun_derefOT0_OT1_DpOT2_
FN:71,_ZSt13__invoke_implIvRMN7hare_mq12BrokerServerEFvRKSt10shared_ptrIN5muduo3net13TcpConnectionEERKS2_INS0_17basicQueryRequestEENS3_9TimestampEERPS1_JS8_SC_SD_EET_St21__invoke_memfun_derefOT0_OT1_DpOT2_
[...]
DA:461,0
DA:462,0
DA:464,0
DA:465,0
DA:466,0
DA:467,0
DA:472,0
DA:473,0
DA:474,0
DA:475,0
DA:476,0
DA:478,0
DA:479,0
DA:480,0
DA:484,0
DA:485,0
DA:489,0
DA:490,0
DA:491,0
DA:498,0
DA:500,0
DA:501,0
DA:1169,0
DA:1178,0
DA:1179,0
DA:1181,0
DA:1182,0
DA:1183,0
DA:1184,0
DA:1185,0
DA:1437,0
DA:1441,0
DA:1442,0
DA:1443,0
DA:1444,0
DA:1445,0
DA:1446,0
DA:1447,0
end_of_record
SF:/usr/local/include/google/protobuf/arenastring.h
FN:401,_ZN6google8protobuf8internal14ArenaStringPtr3SetEPKcPNS0_5ArenaE
FNDA:1,_ZN6google8protobuf8internal14ArenaStringPtr3SetEPKcPNS0_5ArenaE
DA:182,8
DA:183,8
DA:203,8
DA:288,8
DA:290,8
DA:401,1
DA:402,1
DA:403,1
end_of_record
SF:/usr/include/c++/11/typeinfo
FN:120,_ZNKSt9type_infoeqERKS_
FNDA:0,_ZNKSt9type_infoeqERKS_
DA:120,0
DA:122,0
DA:123,0
DA:124,0
end_of_record
SF:/usr/include/c++/11/bits/stl_iterator.h
DA:1027,22
DA:1028,1
DA:1033,0
DA:1037,0
DA:1052,1000
DA:1054,1000
DA:1055,1000
DA:1100,1000
DA:1101,1000
DA:1105,0
DA:1255,0
DA:1263,0
DA:1268,11
DA:1271,11
end_of_record
SF:/usr/include/c++/11/bits/stl_algobase.h
DA:230,0
DA:235,0
DA:236,0
DA:254,11
DA:259,11
DA:260,1
end_of_record
SF:/usr/include/c++/11/bits/locale_facets.h
FN:875,_ZNKSt5ctypeIcE5widenEc
FNDA:0,_ZNKSt5ctypeIcE5widenEc
FN:1087,_ZNKSt5ctypeIcE8do_widenEc
FNDA:0,_ZNKSt5ctypeIcE8do_widenEc
DA:875,0
DA:877,0
DA:878,0
DA:879,0
DA:880,0
DA:1087,0
DA:1088,0
end_of_record
SF:/usr/include/c++/11/utility
DA:188,1024
DA:189,1024
DA:233,1024
DA:234,1024
end_of_record
SF:/usr/include/c++/11/bits/basic_string.h
FN:237,_ZNSt7__cxx1112basic_stringIcSt11char_traitsIcESaIcEE10_M_disposeEv
FNDA:4035,_ZNSt7__cxx1112basic_stringIcSt11char_traitsIcESaIcEE10_M_disposeEv
FN:354,_ZNSt7__cxx1112basic_stringIcSt11char_traitsIcESaIcEE7_S_copyEPcPKcm
FNDA:2110,_ZNSt7__cxx1112basic_stringIcSt11char_traitsIcESaIcEE7_S_copyEPcPKcm
FN:363,_ZNSt7__cxx1112basic_stringIcSt11char_traitsIcESaIcEE7_S_moveEPcPKcm
FNDA:0,_ZNSt7__cxx1112basic_stringIcSt11char_traitsIcESaIcEE7_S_moveEPcPKcm
FN:372,_ZNSt7__cxx1112basic_stringIcSt11char_traitsIcESaIcEE9_S_assignEPcmc
FNDA:1000,_ZNSt7__cxx1112basic_stringIcSt11char_traitsIcESaIcEE9_S_assignEPcmc
FN:456,_ZNSt7__cxx1112basic_stringIcSt11char_traitsIcESaIcEEC2ERKS4_
FNDA:0,_ZNSt7__cxx1112basic_stringIcSt11char_traitsIcESaIcEEC2ERKS4_
FN:484,_ZNSt7__cxx1112basic_stringIcSt11char_traitsIcESaIcEEC2ERKS4_mm
FNDA:1,_ZNSt7__cxx1112basic_stringIcSt11char_traitsIcESaIcEEC2ERKS4_mm
FN:533,_ZNSt7__cxx1112basic_stringIcSt11char_traitsIcESaIcEEC2IS3_EEPKcRKS3_
FNDA:2109,_ZNSt7__cxx1112basic_stringIcSt11char_traitsIcESaIcEEC2IS3_EEPKcRKS3_
FN:717,_ZNSt7__cxx1112basic_stringIcSt11char_traitsIcESaIcEEaSEOS4_
FNDA:0,_ZNSt7__cxx1112basic_stringIcSt11char_traitsIcESaIcEEaSEOS4_
FN:1242,_ZNSt7__cxx1112basic_stringIcSt11char_traitsIcESaIcEE6appendEPKcm
FNDA:0,_ZNSt7__cxx1112basic_stringIcSt11char_traitsIcESaIcEE6appendEPKcm
FN:1255,_ZNSt7__cxx1112basic_stringIcSt11char_traitsIcESaIcEE6appendEPKc
FNDA:0,_ZNSt7__cxx1112basic_stringIcSt11char_traitsIcESaIcEE6appendEPKc
FN:1491,_ZNSt7__cxx1112basic_stringIcSt11char_traitsIcESaIcEE6assignIPcvEERS4_T_S8_
FNDA:0,_ZNSt7__cxx1112basic_stringIcSt11char_traitsIcESaIcEE6assignIPcvEERS4_T_S8_
FN:1725,_ZNSt7__cxx1112basic_stringIcSt11char_traitsIcESaIcEE6insertEmPKc
FNDA:1000,_ZNSt7__cxx1112basic_stringIcSt11char_traitsIcESaIcEE6insertEmPKc
FN:1956,_ZNSt7__cxx1112basic_stringIcSt11char_traitsIcESaIcEE7replaceEmmPKcm
FNDA:1000,_ZNSt7__cxx1112basic_stringIcSt11char_traitsIcESaIcEE7replaceEmmPKcm
FN:2143,_ZNSt7__cxx1112basic_stringIcSt11char_traitsIcESaIcEE7replaceEN9__gnu_cxx17__normal_iteratorIPKcS4_EES9_PcSA_
FNDA:0,_ZNSt7__cxx1112basic_stringIcSt11char_traitsIcESaIcEE7replaceEN9__gnu_cxx17__normal_iteratorIPKcS4_EES9_PcSA_
FN:2854,_ZNKSt7__cxx1112basic_stringIcSt11char_traitsIcESaIcEE6substrEmm
FNDA:1,_ZNKSt7__cxx1112basic_stringIcSt11char_traitsIcESaIcEE6substrEmm
FN:6194,_ZStplIcSt11char_traitsIcESaIcEENSt7__cxx1112basic_stringIT_T0_T1_EEPKS5_OS8_
FNDA:1000,_ZStplIcSt11char_traitsIcESaIcEENSt7__cxx1112basic_stringIT_T0_T1_EEPKS5_OS8_
FN:6206,_ZStplIcSt11char_traitsIcESaIcEENSt7__cxx1112basic_stringIT_T0_T1_EEOS8_PKS5_
FNDA:0,_ZStplIcSt11char_traitsIcESaIcEENSt7__cxx1112basic_stringIT_T0_T1_EEOS8_PKS5_
FN:6234,_ZSteqIcEN9__gnu_cxx11__enable_ifIXsrSt9__is_charIT_E7__valueEbE6__typeERKNSt7__cxx1112basic_stringIS3_St11char_traitsIS3_ESaIS3_EEESE_
FNDA:1024,_ZSteqIcEN9__gnu_cxx11__enable_ifIXsrSt9__is_charIT_E7__valueEbE6__typeERKNSt7__cxx1112basic_stringIS3_St11char_traitsIS3_ESaIS3_EEESE_
FN:6660,_ZNSt7__cxx119to_stringEi
FNDA:1000,_ZNSt7__cxx119to_stringEi
DA:158,4105
DA:164,3109
DA:165,3109
DA:167,1001
DA:168,1
DA:186,1007
DA:187,7
DA:190,4110
DA:191,4110
DA:194,13281
DA:195,3110
DA:198,5110
DA:201,1001
DA:208,5035
DA:211,5035
DA:218,7
DA:219,7
DA:222,4110
DA:224,4110
DA:225,0
DA:226,0
DA:229,5035
DA:230,5035
DA:237,4035
DA:239,4035
DA:240,4035
DA:241,4035
DA:244,0
DA:245,0
DA:251,1
DA:255,1
DA:271,1
DA:274,1
DA:294,1007
DA:295,7
DA:298,0
DA:299,0
DA:318,1002
DA:320,1002
DA:321,0
DA:328,0
DA:330,0
DA:331,0
DA:337,1001
DA:339,1001
DA:345,0
DA:347,0
DA:348,0
DA:354,2110
DA:356,2110
DA:357,2110
DA:359,2110
DA:360,2110
DA:363,0
DA:365,0
DA:366,0
DA:368,0
DA:369,0
DA:372,1000
DA:374,1000
DA:375,1000
DA:377,990
DA:378,1000
DA:400,0
DA:401,0
DA:404,2110
DA:406,2110
DA:409,0
DA:411,0
DA:413,0
DA:415,0
DA:418,0
DA:439,0
DA:441,0
DA:442,0
DA:448,0
DA:449,0
DA:450,0
DA:456,0
DA:457,0
DA:458,0
DA:459,0
DA:484,1
DA:486,1
DA:488,2
DA:489,1
DA:490,1
DA:491,1
DA:533,2109
DA:534,2109
DA:536,2109
DA:539,2109
DA:540,2109
DA:553,1000
DA:554,1000
DA:555,1000
DA:565,1000
DA:566,1000
DA:568,1000
DA:570,1000
DA:575,0
DA:576,0
DA:582,1000
DA:583,1000
DA:584,1000
DA:671,1023
DA:672,2068
DA:717,0
DA:720,0
DA:730,0
DA:732,0
DA:737,0
DA:739,0
DA:740,0
DA:741,0
DA:749,0
DA:751,0
DA:756,0
DA:757,0
DA:763,0
DA:764,0
DA:765,0
DA:766,0
DA:768,0
DA:769,0
DA:772,0
DA:776,0
DA:777,0
DA:816,0
DA:817,0
DA:832,0
DA:833,0
DA:920,2027
DA:921,1
DA:926,1001
DA:927,0
DA:976,0
DA:978,0
DA:1015,0
DA:1016,0
DA:1023,1
DA:1024,1
DA:1055,1000
DA:1059,1000
DA:1062,1000
DA:1213,0
DA:1214,0
DA:1242,0
DA:1245,0
DA:1246,0
DA:1255,0
DA:1258,0
DA:1259,0
DA:1260,0
DA:1491,0
DA:1492,0
DA:1725,1000
DA:1728,1000
DA:1729,1000
DA:1956,1000
DA:1960,1000
DA:1961,1000
DA:2143,0
DA:2149,0
DA:2150,0
DA:2320,0
DA:2321,0
DA:2332,1025
DA:2333,1025
DA:2351,0
DA:2352,0
DA:2854,1
DA:2856,1
DA:6194,1000
DA:6196,1000
DA:6206,0
DA:6208,0
DA:6234,1024
DA:6236,1024
DA:6237,1024
DA:6238,1024
DA:6248,6
DA:6250,6
DA:6531,0
DA:6536,0
DA:6660,1000
DA:6662,1000
DA:6663,1000
DA:6664,1000
DA:6665,1000
DA:6666,1000
DA:6667,1000
DA:6875,1
DA:6876,1
end_of_record
SF:/home/eric/2025MQ/MQproject/2025MQWorkSpace/src/server/virtual_host.hpp
end_of_record
SF:/usr/include/c++/11/bits/charconv.h
FN:47,_ZNSt8__detail14__to_chars_lenIjEEjT_i
FNDA:1000,_ZNSt8__detail14__to_chars_lenIjEEjT_i
FN:72,_ZNSt8__detail18__to_chars_10_implIjEEvPcjT_
FNDA:1000,_ZNSt8__detail18__to_chars_10_implIjEEvPcjT_
DA:47,1000
DA:52,1000
DA:53,1000
DA:54,1000
DA:55,1000
DA:56,0
DA:58,1000
DA:59,990
DA:60,900
DA:61,0
DA:62,0
DA:63,0
DA:72,1000
DA:83,1000
DA:84,1900
DA:86,900
DA:87,900
DA:88,900
DA:89,900
DA:90,900
DA:92,1000
DA:94,90
DA:95,90
DA:96,90
DA:99,910
DA:100,1000
end_of_record
SF:/usr/local/include/google/protobuf/metadata_lite.h
DA:116,1008
DA:117,1008
DA:118,0
DA:120,1008
DA:124,1008
DA:125,1008
DA:193,1008
DA:194,1008
DA:201,1008
DA:202,1008
end_of_record
SF:/usr/include/c++/11/ext/alloc_traits.h
DA:97,0
DA:98,0
end_of_record
SF:/home/eric/2025MQ/MQproject/2025MQWorkSpace/src/common/exchange.hpp
end_of_record
SF:/usr/include/c++/11/bits/hashtable.h
FN:453,_ZNSt10_HashtableINSt7__cxx1112basic_stringIcSt11char_traitsIcESaIcEEESt4pairIKS5_St10shared_ptrIN7hare_mq7bindingEEESaISC_ENSt8__detail10_Select1stESt8equal_toIS5_ESt4hashIS5_ENSE_18_Mod_range_hashingENSE_20_Default_ranged_hashENSE_20_Prime_rehash_policyENSE_17_Hashtable_traitsILb1ELb0ELb1EEEE21_M_deallocate_bucketsEv
FNDA:0,_ZNSt10_HashtableINSt7__cxx1112basic_stringIcSt11char_traitsIcESaIcEEESt4pairIKS5_St10shared_ptrIN7hare_mq7bindingEEESaISC_ENSt8__detail10_Select1stESt8equal_toIS5_ESt4hashIS5_ENSE_18_Mod_range_hashingENSE_20_Default_ranged_hashENSE_20_Prime_rehash_policyENSE_17_Hashtable_traitsILb1ELb0ELb1EEEE21_M_deallocate_bucketsEv
FN:453,_ZNSt10_HashtableINSt7__cxx1112basic_stringIcSt11char_traitsIcESaIcEEESt4pairIKS5_St10shared_ptrIN7hare_mq13queue_messageEEESaISC_ENSt8__detail10_Select1stESt8equal_toIS5_ESt4hashIS5_ENSE_18_Mod_range_hashingENSE_20_Default_ranged_hashENSE_20_Prime_rehash_policyENSE_17_Hashtable_traitsILb1ELb0ELb1EEEE21_M_deallocate_bucketsEv
FNDA:0,_ZNSt10_HashtableINSt7__cxx1112basic_stringIcSt11char_traitsIcESaIcEEESt4pairIKS5_St10shared_ptrIN7hare_mq13queue_messageEEESaISC_ENSt8__detail10_Select1stESt8equal_toIS5_ESt4hashIS5_ENSE_18_Mod_range_hashingENSE_20_Default_ranged_hashENSE_20_Prime_rehash_policyENSE_17_Hashtable_traitsILb1ELb0ELb1EEEE21_M_deallocate_bucketsEv
FN:453,_ZNSt10_HashtableINSt7__cxx1112basic_stringIcSt11char_traitsIcESaIcEEESt4pairIKS5_St13unordered_mapIS5_St10shared_ptrIN7hare_mq7bindingEESt4hashIS5_ESt8equal_toIS5_ESaIS6_IS7_SC_EEEESaISK_ENSt8__detail10_Select1stESG_SE_NSM_18_Mod_range_hashingENSM_20_Default_ranged_hashENSM_20_Prime_rehash_policyENSM_17_Hashtable_traitsILb1ELb0ELb1EEEE21_M_deallocate_bucketsEv
FNDA:0,_ZNSt10_HashtableINSt7__cxx1112basic_stringIcSt11char_traitsIcESaIcEEESt4pairIKS5_St13unordered_mapIS5_St10shared_ptrIN7hare_mq7bindingEESt4hashIS5_ESt8equal_toIS5_ESaIS6_IS7_SC_EEEESaISK_ENSt8__detail10_Select1stESG_SE_NSM_18_Mod_range_hashingENSM_20_Default_ranged_hashENSM_20_Prime_rehash_policyENSM_17_Hashtable_traitsILb1ELb0ELb1EEEE21_M_deallocate_bucketsEv
FN:453,_ZNSt10_HashtableINSt7__cxx1112basic_stringIcSt11char_traitsIcESaIcEEESt4pairIKS5_St10shared_ptrIN7hare_mq8exchangeEEESaISC_ENSt8__detail10_Select1stESt8equal_toIS5_ESt4hashIS5_ENSE_18_Mod_range_hashingENSE_20_Default_ranged_hashENSE_20_Prime_rehash_policyENSE_17_Hashtable_traitsILb1ELb0ELb1EEEE21_M_deallocate_bucketsEv
FNDA:0,_ZNSt10_HashtableINSt7__cxx1112basic_stringIcSt11char_traitsIcESaIcEEESt4pairIKS5_St10shared_ptrIN7hare_mq8exchangeEEESaISC_ENSt8__detail10_Select1stESt8equal_toIS5_ESt4hashIS5_ENSE_18_Mod_range_hashingENSE_20_Default_ranged_hashENSE_20_Prime_rehash_policyENSE_17_Hashtable_traitsILb1ELb0ELb1EEEE21_M_deallocate_bucketsEv
FN:453,_ZNSt10_HashtableINSt7__cxx1112basic_stringIcSt11char_traitsIcESaIcEEESt4pairIKS5_St10shared_ptrIN7hare_mq14queue_consumerEEESaISC_ENSt8__detail10_Select1stESt8equal_toIS5_ESt4hashIS5_ENSE_18_Mod_range_hashingENSE_20_Default_ranged_hashENSE_20_Prime_rehash_policyENSE_17_Hashtable_traitsILb1ELb0ELb1EEEE21_M_deallocate_bucketsEv
FNDA:0,_ZNSt10_HashtableINSt7__cxx1112basic_stringIcSt11char_traitsIcESaIcEEESt4pairIKS5_St10shared_ptrIN7hare_mq14queue_consumerEEESaISC_ENSt8__detail10_Select1stESt8equal_toIS5_ESt4hashIS5_ENSE_18_Mod_range_hashingENSE_20_Default_ranged_hashENSE_20_Prime_rehash_policyENSE_17_Hashtable_traitsILb1ELb0ELb1EEEE21_M_deallocate_bucketsEv
FN:453,_ZNSt10_HashtableINSt7__cxx1112basic_stringIcSt11char_traitsIcESaIcEEESt4pairIKS5_St10shared_ptrIN7hare_mq9msg_queueEEESaISC_ENSt8__detail10_Select1stESt8equal_toIS5_ESt4hashIS5_ENSE_18_Mod_range_hashingENSE_20_Default_ranged_hashENSE_20_Prime_rehash_policyENSE_17_Hashtable_traitsILb1ELb0ELb1EEEE21_M_deallocate_bucketsEv
FNDA:1,_ZNSt10_HashtableINSt7__cxx1112basic_stringIcSt11char_traitsIcESaIcEEESt4pairIKS5_St10shared_ptrIN7hare_mq9msg_queueEEESaISC_ENSt8__detail10_Select1stESt8equal_toIS5_ESt4hashIS5_ENSE_18_Mod_range_hashingENSE_20_Default_ranged_hashENSE_20_Prime_rehash_policyENSE_17_Hashtable_traitsILb1ELb0ELb1EEEE21_M_deallocate_bucketsEv
FN:453,_ZNSt10_HashtableINSt7__cxx1112basic_stringIcSt11char_traitsIcESaIcEEESt4pairIKS5_S5_ESaIS8_ENSt8__detail10_Select1stESt8equal_toIS5_ESt4hashIS5_ENSA_18_Mod_range_hashingENSA_20_Default_ranged_hashENSA_20_Prime_rehash_policyENSA_17_Hashtable_traitsILb1ELb0ELb1EEEE21_M_deallocate_bucketsEv
FNDA:14,_ZNSt10_HashtableINSt7__cxx1112basic_stringIcSt11char_traitsIcESaIcEEESt4pairIKS5_S5_ESaIS8_ENSt8__detail10_Select1stESt8equal_toIS5_ESt4hashIS5_ENSA_18_Mod_range_hashingENSA_20_Default_ranged_hashENSA_20_Prime_rehash_policyENSA_17_Hashtable_traitsILb1ELb0ELb1EEEE21_M_deallocate_bucketsEv
FN:1588,_ZNSt10_HashtableINSt7__cxx1112basic_stringIcSt11char_traitsIcESaIcEEESt4pairIKS5_St10shared_ptrIN7hare_mq9msg_queueEEESaISC_ENSt8__detail10_Select1stESt8equal_toIS5_ESt4hashIS5_ENSE_18_Mod_range_hashingENSE_20_Default_ranged_hashENSE_20_Prime_rehash_policyENSE_17_Hashtable_traitsILb1ELb0ELb1EEEE4findERS7_
FNDA:1,_ZNSt10_HashtableINSt7__cxx1112basic_stringIcSt11char_traitsIcESaIcEEESt4pairIKS5_St10shared_ptrIN7hare_mq9msg_queueEEESaISC_ENSt8__detail10_Select1stESt8equal_toIS5_ESt4hashIS5_ENSE_18_Mod_range_hashingENSE_20_Default_ranged_hashENSE_20_Prime_rehash_policyENSE_17_Hashtable_traitsILb1ELb0ELb1EEEE4findERS7_
FN:1827,_ZNKSt10_HashtableINSt7__cxx1112basic_stringIcSt11char_traitsIcESaIcEEESt4pairIKS5_St10shared_ptrIN7hare_mq9msg_queueEEESaISC_ENSt8__detail10_Select1stESt8equal_toIS5_ESt4hashIS5_ENSE_18_Mod_range_hashingENSE_20_Default_ranged_hashENSE_20_Prime_rehash_policyENSE_17_Hashtable_traitsILb1ELb0ELb1EEEE19_M_find_before_nodeEmRS7_m
FNDA:1040,_ZNKSt10_HashtableINSt7__cxx1112basic_stringIcSt11char_traitsIcESaIcEEESt4pairIKS5_St10shared_ptrIN7hare_mq9msg_queueEEESaISC_ENSt8__detail10_Select1stESt8equal_toIS5_ESt4hashIS5_ENSE_18_Mod_range_hashingENSE_20_Default_ranged_hashENSE_20_Prime_rehash_policyENSE_17_Hashtable_traitsILb1ELb0ELb1EEEE19_M_find_before_nodeEmRS7_m
FN:2316,_ZNSt10_HashtableINSt7__cxx1112basic_stringIcSt11char_traitsIcESaIcEEESt4pairIKS5_St10shared_ptrIN7hare_mq7bindingEEESaISC_ENSt8__detail10_Select1stESt8equal_toIS5_ESt4hashIS5_ENSE_18_Mod_range_hashingENSE_20_Default_ranged_hashENSE_20_Prime_rehash_policyENSE_17_Hashtable_traitsILb1ELb0ELb1EEEE5clearEv
FNDA:0,_ZNSt10_HashtableINSt7__cxx1112basic_stringIcSt11char_traitsIcESaIcEEESt4pairIKS5_St10shared_ptrIN7hare_mq7bindingEEESaISC_ENSt8__detail10_Select1stESt8equal_toIS5_ESt4hashIS5_ENSE_18_Mod_range_hashingENSE_20_Default_ranged_hashENSE_20_Prime_rehash_policyENSE_17_Hashtable_traitsILb1ELb0ELb1EEEE5clearEv
FN:2316,_ZNSt10_HashtableINSt7__cxx1112basic_stringIcSt11char_traitsIcESaIcEEESt4pairIKS5_St10shared_ptrIN7hare_mq13queue_messageEEESaISC_ENSt8__detail10_Select1stESt8equal_toIS5_ESt4hashIS5_ENSE_18_Mod_range_hashingENSE_20_Default_ranged_hashENSE_20_Prime_rehash_policyENSE_17_Hashtable_traitsILb1ELb0ELb1EEEE5clearEv
FNDA:0,_ZNSt10_HashtableINSt7__cxx1112basic_stringIcSt11char_traitsIcESaIcEEESt4pairIKS5_St10shared_ptrIN7hare_mq13queue_messageEEESaISC_ENSt8__detail10_Select1stESt8equal_toIS5_ESt4hashIS5_ENSE_18_Mod_range_hashingENSE_20_Default_ranged_hashENSE_20_Prime_rehash_policyENSE_17_Hashtable_traitsILb1ELb0ELb1EEEE5clearEv
FN:2316,_ZNSt10_HashtableINSt7__cxx1112basic_stringIcSt11char_traitsIcESaIcEEESt4pairIKS5_St13unordered_mapIS5_St10shared_ptrIN7hare_mq7bindingEESt4hashIS5_ESt8equal_toIS5_ESaIS6_IS7_SC_EEEESaISK_ENSt8__detail10_Select1stESG_SE_NSM_18_Mod_range_hashingENSM_20_Default_ranged_hashENSM_20_Prime_rehash_policyENSM_17_Hashtable_traitsILb1ELb0ELb1EEEE5clearEv
FNDA:0,_ZNSt10_HashtableINSt7__cxx1112basic_stringIcSt11char_traitsIcESaIcEEESt4pairIKS5_St13unordered_mapIS5_St10shared_ptrIN7hare_mq7bindingEESt4hashIS5_ESt8equal_toIS5_ESaIS6_IS7_SC_EEEESaISK_ENSt8__detail10_Select1stESG_SE_NSM_18_Mod_range_hashingENSM_20_Default_ranged_hashENSM_20_Prime_rehash_policyENSM_17_Hashtable_traitsILb1ELb0ELb1EEEE5clearEv
FN:2316,_ZNSt10_HashtableINSt7__cxx1112basic_stringIcSt11char_traitsIcESaIcEEESt4pairIKS5_St10shared_ptrIN7hare_mq8exchangeEEESaISC_ENSt8__detail10_Select1stESt8equal_toIS5_ESt4hashIS5_ENSE_18_Mod_range_hashingENSE_20_Default_ranged_hashENSE_20_Prime_rehash_policyENSE_17_Hashtable_traitsILb1ELb0ELb1EEEE5clearEv
FNDA:0,_ZNSt10_HashtableINSt7__cxx1112basic_stringIcSt11char_traitsIcESaIcEEESt4pairIKS5_St10shared_ptrIN7hare_mq8exchangeEEESaISC_ENSt8__detail10_Select1stESt8equal_toIS5_ESt4hashIS5_ENSE_18_Mod_range_hashingENSE_20_Default_ranged_hashENSE_20_Prime_rehash_policyENSE_17_Hashtable_traitsILb1ELb0ELb1EEEE5clearEv
FN:2316,_ZNSt10_HashtableINSt7__cxx1112basic_stringIcSt11char_traitsIcESaIcEEESt4pairIKS5_St10shared_ptrIN7hare_mq14queue_consumerEEESaISC_ENSt8__detail10_Select1stESt8equal_toIS5_ESt4hashIS5_ENSE_18_Mod_range_hashingENSE_20_Default_ranged_hashENSE_20_Prime_rehash_policyENSE_17_Hashtable_traitsILb1ELb0ELb1EEEE5clearEv
FNDA:0,_ZNSt10_HashtableINSt7__cxx1112basic_stringIcSt11char_traitsIcESaIcEEESt4pairIKS5_St10shared_ptrIN7hare_mq14queue_consumerEEESaISC_ENSt8__detail10_Select1stESt8equal_toIS5_ESt4hashIS5_ENSE_18_Mod_range_hashingENSE_20_Default_ranged_hashENSE_20_Prime_rehash_policyENSE_17_Hashtable_traitsILb1ELb0ELb1EEEE5clearEv
FN:2316,_ZNSt10_HashtableINSt7__cxx1112basic_stringIcSt11char_traitsIcESaIcEEESt4pairIKS5_St10shared_ptrIN7hare_mq9msg_queueEEESaISC_ENSt8__detail10_Select1stESt8equal_toIS5_ESt4hashIS5_ENSE_18_Mod_range_hashingENSE_20_Default_ranged_hashENSE_20_Prime_rehash_policyENSE_17_Hashtable_traitsILb1ELb0ELb1EEEE5clearEv
FNDA:0,_ZNSt10_HashtableINSt7__cxx1112basic_stringIcSt11char_traitsIcESaIcEEESt4pairIKS5_St10shared_ptrIN7hare_mq9msg_queueEEESaISC_ENSt8__detail10_Select1stESt8equal_toIS5_ESt4hashIS5_ENSE_18_Mod_range_hashingENSE_20_Default_ranged_hashENSE_20_Prime_rehash_policyENSE_17_Hashtable_traitsILb1ELb0ELb1EEEE5clearEv
FN:2316,_ZNSt10_HashtableINSt7__cxx1112basic_stringIcSt11char_traitsIcESaIcEEESt4pairIKS5_S5_ESaIS8_ENSt8__detail10_Select1stESt8equal_toIS5_ESt4hashIS5_ENSA_18_Mod_range_hashingENSA_20_Default_ranged_hashENSA_20_Prime_rehash_policyENSA_17_Hashtable_traitsILb1ELb0ELb1EEEE5clearEv
FNDA:0,_ZNSt10_HashtableINSt7__cxx1112basic_stringIcSt11char_traitsIcESaIcEEESt4pairIKS5_S5_ESaIS8_ENSt8__detail10_Select1stESt8equal_toIS5_ESt4hashIS5_ENSA_18_Mod_range_hashingENSA_20_Default_ranged_hashENSA_20_Prime_rehash_policyENSA_17_Hashtable_traitsILb1ELb0ELb1EEEE5clearEv
DA:421,15
DA:422,15
DA:444,15
DA:446,15
DA:449,15
DA:453,0
DA:454,0
DA:453,0
DA:454,0
DA:453,0
DA:454,0
DA:453,0
DA:454,0
DA:453,0
DA:454,0
DA:453,1
DA:454,1
DA:453,14
DA:454,14
DA:462,0
DA:463,0
DA:528,21
DA:790,0
DA:791,0
DA:794,1
DA:795,1
DA:807,1
DA:810,1
DA:811,1
DA:812,1
DA:1528,15
DA:1532,15
DA:1533,15
DA:1534,15
DA:1588,1
DA:1593,1
DA:1594,1
DA:1595,1
DA:1827,1040
DA:1833,1040
DA:1834,1040
DA:1837,1024
DA:1840,1024
DA:1841,1024
DA:1843,0
DA:2316,0
DA:2320,0
DA:2321,0
DA:2322,0
DA:2323,0
DA:2324,0
DA:2325,0
DA:2316,0
DA:2320,0
DA:2321,0
DA:2322,0
DA:2323,0
DA:2324,0
DA:2325,0
DA:2316,0
DA:2320,0
DA:2321,0
DA:2322,0
DA:2323,0
DA:2324,0
DA:2325,0
DA:2316,0
DA:2320,0
DA:2321,0
DA:2322,0
DA:2323,0
DA:2324,0
DA:2325,0
DA:2316,0
DA:2320,0
DA:2321,0
DA:2322,0
DA:2323,0
DA:2324,0
DA:2325,0
DA:2316,0
DA:2320,0
DA:2321,0
DA:2322,0
DA:2323,0
DA:2324,0
DA:2325,0
DA:2316,0
DA:2320,0
DA:2321,0
DA:2322,0
DA:2323,0
DA:2324,0
DA:2325,0
end_of_record
SF:/usr/include/c++/11/bits/allocated_ptr.h
FN:71,_ZNSt15__allocated_ptrISaISt23_Sp_counted_ptr_inplaceIN7hare_mq16consumer_managerESaIS2_ELN9__gnu_cxx12_Lock_policyE2EEEED2Ev
FNDA:7,_ZNSt15__allocated_ptrISaISt23_Sp_counted_ptr_inplaceIN7hare_mq16consumer_managerESaIS2_ELN9__gnu_cxx12_Lock_policyE2EEEED2Ev
FN:71,_ZNSt15__allocated_ptrISaISt23_Sp_counted_ptr_inplaceIN7hare_mq12virtual_hostESaIS2_ELN9__gnu_cxx12_Lock_policyE2EEEED2Ev
FNDA:7,_ZNSt15__allocated_ptrISaISt23_Sp_counted_ptr_inplaceIN7hare_mq12virtual_hostESaIS2_ELN9__gnu_cxx12_Lock_policyE2EEEED2Ev
FN:71,_ZNSt15__allocated_ptrISaISt23_Sp_counted_ptr_inplaceISt5mutexSaIS1_ELN9__gnu_cxx12_Lock_policyE2EEEED2Ev
FNDA:0,_ZNSt15__allocated_ptrISaISt23_Sp_counted_ptr_inplaceISt5mutexSaIS1_ELN9__gnu_cxx12_Lock_policyE2EEEED2Ev
DA:53,0
DA:54,14
DA:71,7
DA:73,7
DA:74,0
DA:75,7
DA:71,7
DA:73,7
DA:74,0
DA:75,7
DA:71,0
DA:73,0
DA:74,0
DA:75,0
DA:79,14
DA:81,14
DA:86,14
DA:96,14
DA:98,14
end_of_record
SF:/home/eric/2025MQ/MQproject/2025MQWorkSpace/src/server/consumer.hpp
DA:56,0
DA:60,7
end_of_record
